2025-10-30 00:00:08 user-profile 400 1056ms user7924 txp8yzmfxe Bad request received
2025-10-30 00:00:18 shipping 500 897ms user1743 txdhcbqhfz Internal server error
2025-10-30 00:00:25 checkout 200 887ms user2999 txw3fpgbi4 Purchased Wireless Earbuds
2025-10-30 00:00:27 checkout 401 604ms user9983 txs48v7bjj User authentication failed
2025-10-30 00:00:28 search 401 1304ms user7323 txo0pl8z57 User authentication failed
2025-10-30 00:00:37 checkout 401 1301ms user4047 txjdekln2y User authentication failed
2025-10-30 00:00:40 search 404 1136ms user1064 txhz63dl9c Resource not found
2025-10-30 00:00:48 checkout 200 1903ms user4178 tx8gy3biq3 Purchased 4K Monitor
2025-10-30 00:00:58 login 503 1645ms user6763 txl9pw0v28 Service unavailable
2025-10-30 00:01:04 checkout 201 1600ms user7521 txha7cqboq An unknown error occurred
2025-10-30 00:01:14 login 401 1596ms user5844 tx6g2445t0 User authentication failed
2025-10-30 00:01:23 search 503 266ms user3030 tx1wuhyvsi Service unavailable
2025-10-30 00:01:26 login 200 1113ms user2207 txsohbvkkz User logged in successfully
2025-10-30 00:01:30 inventory 400 535ms user9514 txgzv4iofq Bad request received
2025-10-30 00:01:37 inventory 204 1482ms user2943 txu15jle9m An unknown error occurred
2025-10-30 00:01:41 payment 200 527ms user8206 txu7x0ah3i Payment successful for amount $977
2025-10-30 00:01:43 login 201 453ms user7288 tx1mtsono2 An unknown error occurred
2025-10-30 00:01:51 inventory 400 1822ms user7548 txed4bieor Bad request received
2025-10-30 00:01:58 checkout 301 1401ms user6681 tx9fp24w0i An unknown error occurred
2025-10-30 00:02:01 login 400 1335ms user2043 txsnv3uhqn Bad request received
2025-10-30 00:02:10 login 404 1232ms user4256 txb21os2rk Resource not found
2025-10-30 00:02:20 checkout 200 1241ms user7985 txws996q7t Purchased iPhone 15
2025-10-30 00:02:24 login 500 1492ms user6470 txcykee4v7 Internal server error
2025-10-30 00:02:27 shipping 201 610ms user6039 txneu3fhbb An unknown error occurred
2025-10-30 00:02:30 payment 200 1185ms user6841 txqhqxqti1 Payment successful for amount $4964
2025-10-30 00:02:34 payment 301 1730ms user8556 txqsupo5fm An unknown error occurred
2025-10-30 00:02:39 payment 200 1622ms user9230 txagj6mamw Payment successful for amount $4843
2025-10-30 00:02:48 shipping 400 1535ms user6743 txidfs3qva Bad request received
2025-10-30 00:02:51 payment 200 1803ms user7951 tx1npkr3s0 Payment successful for amount $917
2025-10-30 00:02:53 checkout 200 983ms user2160 txkkf20dy1 Purchased Laptop Pro
2025-10-30 00:02:58 payment 204 1429ms user1944 txjwrqckk1 An unknown error occurred
2025-10-30 00:03:05 user-profile 404 246ms user2728 txxf2u6npc Resource not found
2025-10-30 00:03:14 inventory 200 607ms user4514 txvlchbl1l Request processed successfully
2025-10-30 00:03:16 payment 503 1813ms user8156 tximi1a4jw Service unavailable
2025-10-30 00:03:18 checkout 400 692ms user7272 txbatxfftp Bad request received
2025-10-30 00:03:20 payment 200 1045ms user1869 txlzfq3qbo Payment successful for amount $430
2025-10-30 00:03:28 login 500 1255ms user2594 tx1uoft5rx Internal server error
2025-10-30 00:03:32 login 200 1192ms user6447 tx2xut03e2 User logged in successfully
2025-10-30 00:03:35 search 301 1042ms user6998 txxchhnemt An unknown error occurred
2025-10-30 00:03:43 checkout 503 876ms user7532 txxuz1coh0 Service unavailable
2025-10-30 00:03:51 inventory 200 1320ms user8164 txm6hyxrlj Request processed successfully
2025-10-30 00:03:53 shipping 201 776ms user7662 txjz5yoomj An unknown error occurred
2025-10-30 00:04:00 checkout 200 225ms user7159 txbt72fyet Purchased Mechanical Keyboard
2025-10-30 00:04:03 shipping 200 1000ms user1498 txdcuwot0n Request processed successfully
2025-10-30 00:04:04 search 404 682ms user9802 txyq46i0xi Resource not found
2025-10-30 00:04:10 user-profile 301 1797ms user3649 txffk6qr1v An unknown error occurred
2025-10-30 00:04:17 checkout 500 1774ms user5731 tx9yibp0p7 Internal server error
2025-10-30 00:04:26 checkout 503 163ms user1717 txukoain52 Service unavailable
2025-10-30 00:04:34 checkout 200 1416ms user7461 txiez8mq4d Purchased Smart Watch
2025-10-30 00:04:38 payment 204 679ms user6779 txca5u26ko An unknown error occurred
2025-10-30 00:04:45 shipping 200 1038ms user5568 txs6at8wfc Request processed successfully
2025-10-30 00:04:48 shipping 404 1169ms user9904 tx1g0ups8s Resource not found
2025-10-30 00:04:52 checkout 201 969ms user1693 tx3xltiqhe An unknown error occurred
2025-10-30 00:04:59 payment 503 147ms user7500 txoohc6rhk Service unavailable
2025-10-30 00:05:02 shipping 200 305ms user5871 tx5gf2awam Request processed successfully
2025-10-30 00:05:03 payment 200 1953ms user9127 txwsy75pe7 Payment successful for amount $4452
2025-10-30 00:05:10 search 200 760ms user4526 txrw37rjw2 Request processed successfully
2025-10-30 00:05:20 login 200 212ms user9153 txuvr75o1w User logged in successfully
2025-10-30 00:05:27 user-profile 200 1585ms user1647 tx4c77ex10 Request processed successfully
2025-10-30 00:05:29 login 404 1875ms user9861 txbuc13g6o Resource not found
2025-10-30 00:05:31 checkout 200 994ms user9295 txkcoezxrv Purchased Wireless Earbuds
2025-10-30 00:05:35 shipping 500 40ms user3133 tx33995i5q Internal server error
2025-10-30 00:05:37 shipping 301 97ms user6582 txd0v6l24n An unknown error occurred
2025-10-30 00:05:45 search 200 1826ms user4275 txd1z20t1d Request processed successfully
2025-10-30 00:05:47 login 301 1179ms user6321 txisozc1pv An unknown error occurred
2025-10-30 00:05:50 login 200 1219ms user6420 txlw73bg9l User logged in successfully
2025-10-30 00:05:54 search 500 1922ms user2387 txlerjglms Internal server error
2025-10-30 00:06:03 login 503 802ms user9531 txlzva7nsr Service unavailable
2025-10-30 00:06:10 user-profile 301 1083ms user1325 txgg8oxnzg An unknown error occurred
2025-10-30 00:06:16 search 200 1851ms user4416 txtkp19uma Request processed successfully
2025-10-30 00:06:24 checkout 200 134ms user5679 txzvt3chuq Purchased iPhone 15
2025-10-30 00:06:28 shipping 301 789ms user4655 txiz57ast8 An unknown error occurred
2025-10-30 00:06:32 login 301 1817ms user6249 txq2lt8gjx An unknown error occurred
2025-10-30 00:06:34 user-profile 200 871ms user5071 txoc4lpyg7 Request processed successfully
2025-10-30 00:06:40 user-profile 301 1471ms user8274 txi2nrhcp3 An unknown error occurred
2025-10-30 00:06:47 shipping 500 719ms user1460 txmpowryfa Internal server error
2025-10-30 00:06:55 search 204 1373ms user5145 txbgu8jfle An unknown error occurred
2025-10-30 00:07:02 payment 301 609ms user4881 txsue1djic An unknown error occurred
2025-10-30 00:07:06 shipping 200 1984ms user4281 tx70opxurb Request processed successfully
2025-10-30 00:07:09 inventory 200 671ms user6354 txduy9p9s9 Request processed successfully
2025-10-30 00:07:12 search 401 894ms user9485 txk16kx1s8 User authentication failed
2025-10-30 00:07:19 inventory 200 1422ms user3180 txk3lnt57w Request processed successfully
2025-10-30 00:07:21 inventory 204 1900ms user3634 txgzsb0b5g An unknown error occurred
2025-10-30 00:07:29 checkout 200 764ms user2243 txivz21i5x Purchased Laptop Pro
2025-10-30 00:07:33 inventory 500 134ms user3654 txca9lhh5p Internal server error
2025-10-30 00:07:39 checkout 201 1918ms user6885 txnrab323o An unknown error occurred
2025-10-30 00:07:44 payment 404 1593ms user9925 tx2ya5r24x Resource not found
2025-10-30 00:07:47 search 404 32ms user7375 txwj2fjq94 Resource not found
2025-10-30 00:07:50 search 200 1913ms user6879 tx0zfz78g7 Request processed successfully
2025-10-30 00:08:00 shipping 200 723ms user7022 txnc3d49l1 Request processed successfully
2025-10-30 00:08:06 login 500 1538ms user7657 txs4c9v144 Internal server error
2025-10-30 00:08:14 search 404 364ms user3423 txvrsjkdky Resource not found
2025-10-30 00:08:20 login 503 1739ms user6234 tx9acslolb Service unavailable
2025-10-30 00:08:23 shipping 500 665ms user7897 txof21f53w Internal server error
2025-10-30 00:08:27 checkout 200 393ms user5429 tx3ka910ol Purchased Laptop Pro
2025-10-30 00:08:34 shipping 400 1552ms user6322 txdmz00mg0 Bad request received
2025-10-30 00:08:35 inventory 404 209ms user6323 txny1s2lct Resource not found
2025-10-30 00:08:42 search 400 987ms user1878 txfx4psvd0 Bad request received
2025-10-30 00:08:50 checkout 200 936ms user2372 txprwzy0ri Purchased Mechanical Keyboard
2025-10-30 00:08:51 payment 204 1741ms user3848 txs9t14ba7 An unknown error occurred
2025-10-30 00:08:58 checkout 200 1430ms user7255 txq9rh3f1t Purchased iPhone 15
2025-10-30 00:09:03 user-profile 404 239ms user2934 txlr827z6l Resource not found
2025-10-30 00:09:10 payment 200 719ms user4376 txan6kfm3l Payment successful for amount $2392
2025-10-30 00:09:19 inventory 301 1306ms user8572 tx14upicmb An unknown error occurred
2025-10-30 00:09:24 login 301 1270ms user3492 tx5l92htjx An unknown error occurred
2025-10-30 00:09:30 search 503 458ms user5818 txr9uj3xt0 Service unavailable
2025-10-30 00:09:39 checkout 404 836ms user5817 tx2ffo5tfm Resource not found
2025-10-30 00:09:49 search 200 546ms user1087 txibt72yge Request processed successfully
2025-10-30 00:09:55 shipping 503 1809ms user4459 txbntbxmg5 Service unavailable
2025-10-30 00:10:03 inventory 503 1938ms user6689 tx5konh3tb Service unavailable
2025-10-30 00:10:11 login 200 619ms user8424 tx4sjq47pz User logged in successfully
2025-10-30 00:10:19 search 200 65ms user6996 txdy6yow95 Request processed successfully
2025-10-30 00:10:29 inventory 401 1726ms user5450 txbd8pkbyd User authentication failed
2025-10-30 00:10:30 payment 404 760ms user2434 txhybgwub4 Resource not found
2025-10-30 00:10:36 user-profile 200 635ms user6645 txran98xln Request processed successfully
2025-10-30 00:10:41 user-profile 404 1254ms user9711 tx5pfmie5y Resource not found
2025-10-30 00:10:46 login 204 1337ms user5982 txgezvf3w8 An unknown error occurred
2025-10-30 00:10:56 user-profile 200 1867ms user2374 tx8ga73iw6 Request processed successfully
2025-10-30 00:11:02 search 404 1730ms user4339 tx4hjybdqi Resource not found
2025-10-30 00:11:04 user-profile 404 892ms user9141 txwtf0zdct Resource not found
2025-10-30 00:11:10 payment 400 1036ms user1825 txb198asyv Bad request received
2025-10-30 00:11:17 shipping 200 99ms user5095 tx0b70dvdc Request processed successfully
2025-10-30 00:11:25 payment 500 252ms user4633 txc81iopee Internal server error
2025-10-30 00:11:28 search 200 1547ms user7505 tx4b5j7q5v Request processed successfully
2025-10-30 00:11:29 search 401 633ms user1708 tx6oki8qxa User authentication failed
2025-10-30 00:11:31 search 200 1385ms user1483 txct07d2mr Request processed successfully
2025-10-30 00:11:40 login 200 465ms user1095 txdtbl31gp User logged in successfully
2025-10-30 00:11:46 checkout 200 1778ms user7284 txwe9xyjjm Purchased Laptop Pro
2025-10-30 00:11:56 login 200 501ms user2820 txfovovck1 User logged in successfully
2025-10-30 00:12:05 shipping 200 1629ms user7347 tx1hqnqckq Request processed successfully
2025-10-30 00:12:07 checkout 500 389ms user8587 tx0ho6beea Internal server error
2025-10-30 00:12:15 payment 204 782ms user3390 tx7x12e77y An unknown error occurred
2025-10-30 00:12:24 inventory 301 659ms user9029 tx0u4rgs57 An unknown error occurred
2025-10-30 00:12:34 payment 401 440ms user7394 txefh352uc User authentication failed
2025-10-30 00:12:35 user-profile 401 1563ms user9218 txk9zfn31z User authentication failed
2025-10-30 00:12:41 search 400 788ms user2965 txyk5cw8ry Bad request received
2025-10-30 00:12:51 user-profile 200 316ms user7995 txzvorutd0 Request processed successfully
2025-10-30 00:12:52 user-profile 200 1902ms user9842 txq0ebyd39 Request processed successfully
2025-10-30 00:12:59 inventory 200 641ms user1878 txasqldigm Request processed successfully
2025-10-30 00:13:05 payment 204 1434ms user1531 txmacoivh2 An unknown error occurred
2025-10-30 00:13:10 payment 500 1243ms user1467 txe6qdcx77 Internal server error
2025-10-30 00:13:18 search 200 1930ms user6803 txnbn7yhtz Request processed successfully
2025-10-30 00:13:24 checkout 201 820ms user2388 txehim5ps4 An unknown error occurred
2025-10-30 00:13:29 checkout 200 967ms user2100 tx0bl4k9qf Purchased 4K Monitor
2025-10-30 00:13:32 payment 201 456ms user4360 txq5slmket An unknown error occurred
2025-10-30 00:13:41 shipping 400 1930ms user7959 txhx66c79e Bad request received
2025-10-30 00:13:46 user-profile 200 1325ms user5237 tx39d0l3dg Request processed successfully
2025-10-30 00:13:50 login 201 1588ms user4572 tx6ykx7hzy An unknown error occurred
2025-10-30 00:13:57 shipping 204 1098ms user9595 txg4x23jsi An unknown error occurred
2025-10-30 00:14:00 search 401 390ms user8731 txqgqebnvc User authentication failed
2025-10-30 00:14:07 search 200 357ms user4079 txrymhhdj8 Request processed successfully
2025-10-30 00:14:17 search 404 1655ms user5599 txxice0pgl Resource not found
2025-10-30 00:14:25 user-profile 200 816ms user9613 txiegrr7t4 Request processed successfully
2025-10-30 00:14:28 shipping 200 421ms user1695 txxjuue581 Request processed successfully
2025-10-30 00:14:37 shipping 500 703ms user7787 txb31cgpp1 Internal server error
2025-10-30 00:14:40 checkout 201 42ms user5931 tx0h0w44t3 An unknown error occurred
2025-10-30 00:14:41 user-profile 200 1916ms user4962 txnvvldp8t Request processed successfully
2025-10-30 00:14:42 search 500 1949ms user4185 txq7240gur Internal server error
2025-10-30 00:14:48 checkout 404 1499ms user5704 txydt5riih Resource not found
2025-10-30 00:14:55 checkout 401 620ms user6950 tx955hgaj5 User authentication failed
2025-10-30 00:14:57 shipping 401 808ms user3389 txmsiexfnz User authentication failed
2025-10-30 00:15:06 inventory 204 932ms user9891 txwlzaipdh An unknown error occurred
2025-10-30 00:15:10 inventory 400 1453ms user9477 tx21nm6lff Bad request received
2025-10-30 00:15:13 payment 200 1508ms user8493 txc3hs7f46 Payment successful for amount $4773
2025-10-30 00:15:22 search 404 983ms user2308 txm0tjevc6 Resource not found
2025-10-30 00:15:24 inventory 400 907ms user6294 txywxeq18d Bad request received
2025-10-30 00:15:29 inventory 404 449ms user2545 txqz4kh66n Resource not found
2025-10-30 00:15:39 search 201 1240ms user3849 txwchlfx4b An unknown error occurred
2025-10-30 00:15:49 search 204 1893ms user3005 tx4f81yhcu An unknown error occurred
2025-10-30 00:15:54 shipping 200 1839ms user9177 txluvijfdk Request processed successfully
2025-10-30 00:15:56 shipping 401 1910ms user9979 txx9ogrgp0 User authentication failed
2025-10-30 00:16:06 user-profile 200 257ms user6239 txab128nrs Request processed successfully
2025-10-30 00:16:09 login 401 1643ms user7902 tx4ugvnpqc User authentication failed
2025-10-30 00:16:18 payment 204 1164ms user9541 txg6ub0s56 An unknown error occurred
2025-10-30 00:16:23 user-profile 200 1560ms user9730 tx946oj7wo Request processed successfully
2025-10-30 00:16:29 search 200 1339ms user1600 txkrcvu4tv Request processed successfully
2025-10-30 00:16:39 inventory 301 1920ms user4118 tx8b4dxg2r An unknown error occurred
2025-10-30 00:16:43 inventory 200 491ms user2175 tx3pn3abvh Request processed successfully
2025-10-30 00:16:50 checkout 500 1297ms user7092 txk4q2ma0m Internal server error
2025-10-30 00:16:55 login 401 1742ms user8490 tx8dpnsq42 User authentication failed
2025-10-30 00:17:02 user-profile 200 281ms user8217 txd9ffyjc5 Request processed successfully
2025-10-30 00:17:12 search 200 642ms user9303 txz4a7806p Request processed successfully
2025-10-30 00:17:15 payment 204 1861ms user3590 txedqaiv4j An unknown error occurred
2025-10-30 00:17:25 checkout 200 1502ms user3619 txfq6njuac Purchased Gaming Console
2025-10-30 00:17:28 search 301 620ms user7238 txz184eln5 An unknown error occurred
2025-10-30 00:17:32 shipping 200 1154ms user8730 txg5pozekc Request processed successfully
2025-10-30 00:17:38 shipping 404 963ms user5175 txdj4sj4ww Resource not found
2025-10-30 00:17:44 inventory 204 1073ms user3619 txk4913jx0 An unknown error occurred
2025-10-30 00:17:52 search 201 139ms user7000 txegwfdlmk An unknown error occurred
2025-10-30 00:17:55 shipping 401 1628ms user2091 txhkgi9tv6 User authentication failed
2025-10-30 00:18:00 user-profile 204 1948ms user7195 tx9e6aitt1 An unknown error occurred
2025-10-30 00:18:01 search 404 1834ms user8311 txpjnwc6td Resource not found
2025-10-30 00:18:04 search 200 672ms user6403 txe8w2n3sx Request processed successfully
2025-10-30 00:18:08 checkout 204 265ms user5602 txsfqocth8 An unknown error occurred
2025-10-30 00:18:09 shipping 404 1383ms user2455 tx18z5o3qy Resource not found
2025-10-30 00:18:14 inventory 301 1059ms user2325 txgosy2av3 An unknown error occurred
2025-10-30 00:18:21 payment 200 849ms user8614 tx2x1c7t81 Payment successful for amount $4732
2025-10-30 00:18:23 user-profile 200 548ms user2116 txnc2y6078 Request processed successfully
2025-10-30 00:18:29 payment 201 540ms user1385 txugezafho An unknown error occurred
2025-10-30 00:18:33 shipping 301 296ms user3955 txi6iy62im An unknown error occurred
2025-10-30 00:18:34 inventory 200 999ms user5995 tx3eci109y Request processed successfully
2025-10-30 00:18:37 login 200 1925ms user8754 tx86c7txu5 User logged in successfully
2025-10-30 00:18:40 login 200 1127ms user5668 txu8008lzf User logged in successfully
2025-10-30 00:18:44 checkout 401 444ms user6836 txe1dg5zu8 User authentication failed
2025-10-30 00:18:50 search 200 1548ms user4725 txdevllwqo Request processed successfully
2025-10-30 00:18:54 shipping 200 602ms user4027 tx8hww3vx5 Request processed successfully
2025-10-30 00:19:01 shipping 503 108ms user8689 txgiuci2s2 Service unavailable
2025-10-30 00:19:06 checkout 200 1203ms user6249 tx5dshsfe7 Purchased Laptop Pro
2025-10-30 00:19:11 payment 404 538ms user6157 txkxxtk2gk Resource not found
2025-10-30 00:19:13 checkout 500 1717ms user5002 txipjozi0z Internal server error
2025-10-30 00:19:20 checkout 200 1004ms user2583 tx6sti4s8h Purchased Laptop Pro
2025-10-30 00:19:22 payment 200 1274ms user8171 tx7iujjder Payment successful for amount $2622
2025-10-30 00:19:31 shipping 204 1234ms user9738 txj8lj3w6h An unknown error occurred
2025-10-30 00:19:36 search 204 1391ms user1120 txdbbkls1a An unknown error occurred
2025-10-30 00:19:44 inventory 200 760ms user2332 txsk19hku5 Request processed successfully
2025-10-30 00:19:48 inventory 500 656ms user9500 txgm2lgud6 Internal server error
2025-10-30 00:19:53 checkout 503 1973ms user5760 txmlcstsc1 Service unavailable
2025-10-30 00:19:54 search 500 1338ms user6236 txp11krbop Internal server error
2025-10-30 00:20:03 inventory 400 453ms user3858 txuiifp24q Bad request received
2025-10-30 00:20:13 checkout 401 1413ms user5512 tx4obbvyby User authentication failed
2025-10-30 00:20:18 payment 400 1570ms user8864 txlxkse2uh Bad request received
2025-10-30 00:20:26 payment 200 35ms user6733 txtvyw5qds Payment successful for amount $4633
2025-10-30 00:20:33 user-profile 201 1622ms user6646 txvzp8z19x An unknown error occurred
2025-10-30 00:20:38 inventory 503 637ms user3246 txum29fmju Service unavailable
2025-10-30 00:20:39 payment 404 1560ms user7485 tx2kqfnkvf Resource not found
2025-10-30 00:20:46 inventory 301 1192ms user2125 txln4279um An unknown error occurred
2025-10-30 00:20:50 user-profile 500 1936ms user3608 txr4umqdl1 Internal server error
2025-10-30 00:20:51 search 200 1865ms user3781 txbdy4oonv Request processed successfully
2025-10-30 00:21:00 payment 301 79ms user9420 txh0uo1j6l An unknown error occurred
2025-10-30 00:21:04 payment 201 1953ms user9179 txz7wu6z3y An unknown error occurred
2025-10-30 00:21:07 login 200 1397ms user4263 tx4l70189c User logged in successfully
2025-10-30 00:21:13 login 503 770ms user7564 txnxrqdvhn Service unavailable
2025-10-30 00:21:18 user-profile 301 1934ms user1189 txq5xj2bz1 An unknown error occurred
2025-10-30 00:21:23 shipping 404 1011ms user6771 txl3i156l8 Resource not found
2025-10-30 00:21:25 shipping 404 1873ms user5708 txdlqri35o Resource not found
2025-10-30 00:21:27 payment 400 439ms user3851 txq6bl8n21 Bad request received
2025-10-30 00:21:32 login 200 847ms user6214 txf0prgsr9 User logged in successfully
2025-10-30 00:21:33 user-profile 404 1531ms user7960 txy8onwvtn Resource not found
2025-10-30 00:21:42 checkout 204 1574ms user4612 tx2rbq10hw An unknown error occurred
2025-10-30 00:21:51 user-profile 201 78ms user8570 txiv3hvdbr An unknown error occurred
2025-10-30 00:21:57 user-profile 200 1459ms user1440 txdtuxbrtr Request processed successfully
2025-10-30 00:22:05 checkout 301 527ms user3463 txhg32lm4w An unknown error occurred
2025-10-30 00:22:15 shipping 400 598ms user1242 tx80k602xt Bad request received
2025-10-30 00:22:16 search 500 873ms user5930 tx1jyunn5s Internal server error
2025-10-30 00:22:26 checkout 200 1559ms user4325 tx76kavrtu Purchased iPhone 15
2025-10-30 00:22:32 payment 200 745ms user8197 tx9kewy65y Payment successful for amount $4183
2025-10-30 00:22:36 inventory 503 454ms user2420 txoic29n1f Service unavailable
2025-10-30 00:22:44 checkout 200 1859ms user6501 tx51jcdmtm Purchased Laptop Pro
2025-10-30 00:22:45 user-profile 200 1705ms user7593 txgsyc45jy Request processed successfully
2025-10-30 00:22:53 login 201 469ms user5512 txypkfroo0 An unknown error occurred
2025-10-30 00:22:55 shipping 503 1466ms user1070 txisfwaiwf Service unavailable
2025-10-30 00:22:57 checkout 200 1480ms user6226 tx9kvn7uj6 Purchased 4K Monitor
2025-10-30 00:23:05 user-profile 404 1176ms user1045 txvzxqlxvf Resource not found
2025-10-30 00:23:14 login 200 700ms user8550 tx3efr7ygq User logged in successfully
2025-10-30 00:23:20 checkout 503 1743ms user4753 tx8k89w6q6 Service unavailable
2025-10-30 00:23:30 search 204 1898ms user7193 txtqqve8s1 An unknown error occurred
2025-10-30 00:23:34 search 200 74ms user9532 txhb2tkjae Request processed successfully
2025-10-30 00:23:37 checkout 200 1417ms user9602 txy68cg774 Purchased Wireless Earbuds
2025-10-30 00:23:40 search 301 1173ms user9339 txcumw484t An unknown error occurred
2025-10-30 00:23:47 inventory 200 1685ms user7635 txf217vo0h Request processed successfully
2025-10-30 00:23:57 shipping 204 1196ms user8936 txcw4vd3bb An unknown error occurred
2025-10-30 00:24:05 login 401 158ms user3284 txhcfb1ck3 User authentication failed
2025-10-30 00:24:14 shipping 200 1488ms user7153 txg1v41r1k Request processed successfully
2025-10-30 00:24:21 shipping 200 1419ms user2009 txjjpuy0oo Request processed successfully
2025-10-30 00:24:25 shipping 200 1470ms user8415 txbqhljid2 Request processed successfully
2025-10-30 00:24:26 user-profile 200 1664ms user3142 txdsfvbjhw Request processed successfully
2025-10-30 00:24:33 checkout 401 557ms user3589 txk4zi5zl8 User authentication failed
2025-10-30 00:24:40 shipping 200 907ms user6286 txjvlsopeg Request processed successfully
2025-10-30 00:24:48 shipping 204 1481ms user8236 txeccp0nf1 An unknown error occurred
2025-10-30 00:24:50 inventory 200 966ms user5060 txim53k20f Request processed successfully
2025-10-30 00:24:55 user-profile 201 815ms user2826 tx0ikc7o8r An unknown error occurred
2025-10-30 00:24:59 payment 401 1152ms user6570 txsn6owj11 User authentication failed
2025-10-30 00:25:04 search 401 1463ms user8826 txuzsbvc2e User authentication failed
2025-10-30 00:25:13 inventory 400 1495ms user7003 txa0oqmqta Bad request received
2025-10-30 00:25:20 shipping 503 1405ms user4120 tx8lvg490d Service unavailable
2025-10-30 00:25:29 payment 503 1547ms user1865 txzb4y9qd6 Service unavailable
2025-10-30 00:25:36 inventory 500 586ms user5228 txw23d72zw Internal server error
2025-10-30 00:25:44 payment 503 654ms user1627 txj1o96loj Service unavailable
2025-10-30 00:25:54 user-profile 400 1286ms user5281 txmduxu7n5 Bad request received
2025-10-30 00:26:04 login 400 830ms user5233 txsfl8rfz1 Bad request received
2025-10-30 00:26:05 inventory 200 1078ms user8968 txrqa921ki Request processed successfully
2025-10-30 00:26:14 login 200 1533ms user7857 tx8abjyn9u User logged in successfully
2025-10-30 00:26:18 payment 200 644ms user9916 txrnrnd74f Payment successful for amount $2787
2025-10-30 00:26:20 search 200 1170ms user7810 txhmz23bed Request processed successfully
2025-10-30 00:26:23 checkout 200 642ms user7051 txkbq0n3fh Purchased iPhone 15
2025-10-30 00:26:31 shipping 200 1580ms user1681 txhdf2rd5k Request processed successfully
2025-10-30 00:26:41 inventory 301 1798ms user1178 txtkyn68qt An unknown error occurred
2025-10-30 00:26:46 login 201 795ms user1667 txbssjhpno An unknown error occurred
2025-10-30 00:26:55 checkout 201 908ms user9891 txb4ehf6lj An unknown error occurred
2025-10-30 00:27:00 user-profile 301 1510ms user3088 txc6w4gkku An unknown error occurred
2025-10-30 00:27:10 login 400 1131ms user8105 txc3sq925s Bad request received
2025-10-30 00:27:13 checkout 200 777ms user6800 tx2fsl5i8p Purchased Gaming Console
2025-10-30 00:27:14 login 400 1111ms user7821 txmi7kcdcy Bad request received
2025-10-30 00:27:16 login 401 537ms user4681 tx8unxkm87 User authentication failed
2025-10-30 00:27:24 user-profile 200 31ms user2406 tx2hatders Request processed successfully
2025-10-30 00:27:30 checkout 503 1048ms user7944 tx1f8idb1f Service unavailable
2025-10-30 00:27:33 payment 200 1634ms user1111 txld5vzdy3 Payment successful for amount $1106
2025-10-30 00:27:35 inventory 200 1652ms user5693 txszgrsk50 Request processed successfully
2025-10-30 00:27:39 shipping 301 1021ms user1924 txffxas9nu An unknown error occurred
2025-10-30 00:27:46 search 404 741ms user5560 txf8ypr5gb Resource not found
2025-10-30 00:27:55 search 500 867ms user3379 txrefd4xo3 Internal server error
2025-10-30 00:27:56 login 200 351ms user7973 txjkqdffc8 User logged in successfully
2025-10-30 00:28:05 checkout 401 698ms user2521 tx7xag0edz User authentication failed
2025-10-30 00:28:12 search 401 1601ms user3587 tx16ryz0bu User authentication failed
2025-10-30 00:28:16 payment 200 1007ms user1125 txe53qv4d4 Payment successful for amount $164
2025-10-30 00:28:17 search 200 489ms user6577 txr24ib5jx Request processed successfully
2025-10-30 00:28:22 payment 200 1669ms user4998 txionf7l3d Payment successful for amount $3342
2025-10-30 00:28:32 login 200 942ms user6743 txegsu0k02 User logged in successfully
2025-10-30 00:28:33 login 200 1677ms user8209 txbjgouafj User logged in successfully
2025-10-30 00:28:38 payment 204 823ms user7441 tx722qo1pi An unknown error occurred
2025-10-30 00:28:44 inventory 200 451ms user9493 txavfo81o2 Request processed successfully
2025-10-30 00:28:52 user-profile 201 1371ms user2149 txeeb94tdx An unknown error occurred
2025-10-30 00:28:57 checkout 204 1317ms user5246 txtrj49508 An unknown error occurred
2025-10-30 00:29:04 shipping 301 1996ms user2767 tx4p93ho9j An unknown error occurred
2025-10-30 00:29:06 user-profile 503 126ms user6001 txe2pl2wpr Service unavailable
2025-10-30 00:29:16 inventory 400 1732ms user1304 tx3ysw29ks Bad request received
2025-10-30 00:29:20 inventory 404 1111ms user6835 txyfgwyb01 Resource not found
2025-10-30 00:29:26 user-profile 200 839ms user2150 txcub6twz3 Request processed successfully
2025-10-30 00:29:30 user-profile 200 1047ms user3551 txfu56d80v Request processed successfully
2025-10-30 00:29:35 login 400 761ms user6904 txo0lggw46 Bad request received
2025-10-30 00:29:43 checkout 200 505ms user2756 tx9kktv1oz Purchased Smart Watch
2025-10-30 00:29:52 login 201 361ms user7015 tx26w5xxlw An unknown error occurred
2025-10-30 00:29:55 checkout 400 285ms user8238 tx76n5dqha Bad request received
2025-10-30 00:29:57 inventory 201 900ms user3055 txxpl1x9xo An unknown error occurred
2025-10-30 00:30:02 payment 200 1857ms user1113 txxfzrvvp1 Payment successful for amount $254
2025-10-30 00:30:12 inventory 401 737ms user3142 txfjo4ttv9 User authentication failed
2025-10-30 00:30:18 search 200 361ms user7882 tx59d6rlk9 Request processed successfully
2025-10-30 00:30:21 login 400 1544ms user6516 txc471oxfs Bad request received
2025-10-30 00:30:23 login 200 682ms user5511 tx8kkorucu User logged in successfully
2025-10-30 00:30:28 inventory 204 318ms user6719 txjkcj02n3 An unknown error occurred
2025-10-30 00:30:32 user-profile 404 1349ms user9227 txxqwvea8t Resource not found
2025-10-30 00:30:35 login 204 1725ms user8529 txev84ipyq An unknown error occurred
2025-10-30 00:30:36 payment 201 889ms user2489 txkyx8wcqq An unknown error occurred
2025-10-30 00:30:38 search 500 1049ms user1899 txo9g9cuxp Internal server error
2025-10-30 00:30:41 checkout 500 940ms user4838 txv4ypqob3 Internal server error
2025-10-30 00:30:46 search 201 1830ms user9001 txqbefg54t An unknown error occurred
2025-10-30 00:30:54 user-profile 503 542ms user2443 txq8tr2g0l Service unavailable
2025-10-30 00:30:55 checkout 204 1559ms user4043 txqdqbe5lt An unknown error occurred
2025-10-30 00:31:00 shipping 201 120ms user8338 txyntm8odz An unknown error occurred
2025-10-30 00:31:10 login 301 1681ms user8738 txrpbv1jwu An unknown error occurred
2025-10-30 00:31:17 checkout 503 252ms user8153 txgyg4ph3c Service unavailable
2025-10-30 00:31:24 inventory 503 406ms user2168 txqeg2v529 Service unavailable
2025-10-30 00:31:33 inventory 200 305ms user8476 txu687oyvl Request processed successfully
2025-10-30 00:31:37 payment 503 1809ms user8447 txfjazi7bn Service unavailable
2025-10-30 00:31:43 search 400 1779ms user2226 txdjg23prb Bad request received
2025-10-30 00:31:45 payment 500 1371ms user7896 tx7bt0zij7 Internal server error
2025-10-30 00:31:50 login 200 1254ms user7371 txq4xu0bg5 User logged in successfully
2025-10-30 00:31:58 user-profile 200 559ms user1432 txfzw1blw6 Request processed successfully
2025-10-30 00:32:05 payment 503 817ms user4691 txy3mtsf7e Service unavailable
2025-10-30 00:32:14 login 503 701ms user5951 tx9tc2nbzn Service unavailable
2025-10-30 00:32:24 checkout 200 178ms user6348 txkqwh10px Purchased Gaming Console
2025-10-30 00:32:25 inventory 400 979ms user7666 txg9cf2dly Bad request received
2025-10-30 00:32:32 login 201 426ms user8663 tx4ccxymdm An unknown error occurred
2025-10-30 00:32:40 search 400 1784ms user3462 tx6px4qszi Bad request received
2025-10-30 00:32:42 shipping 200 1577ms user7861 txg381l74a Request processed successfully
2025-10-30 00:32:43 login 200 813ms user6437 txrszng3u9 User logged in successfully
2025-10-30 00:32:49 search 204 1759ms user6436 tx3pa139w0 An unknown error occurred
2025-10-30 00:32:56 user-profile 201 341ms user9591 txjcouu4qc An unknown error occurred
2025-10-30 00:33:05 inventory 404 1090ms user8025 txn615awvg Resource not found
2025-10-30 00:33:10 checkout 200 34ms user7343 txoe2rcku1 Purchased Wireless Earbuds
2025-10-30 00:33:13 inventory 401 925ms user5375 txp0nbxmpk User authentication failed
2025-10-30 00:33:18 checkout 200 420ms user7773 txrbddkhb0 Purchased 4K Monitor
2025-10-30 00:33:19 inventory 201 234ms user3245 txyw9u73m1 An unknown error occurred
2025-10-30 00:33:28 user-profile 200 815ms user7174 txhnchn2p0 Request processed successfully
2025-10-30 00:33:29 login 400 979ms user5935 txbfleh109 Bad request received
2025-10-30 00:33:36 user-profile 401 1756ms user8203 txrimlh59u User authentication failed
2025-10-30 00:33:39 login 200 1742ms user8845 tx7ef7wazi User logged in successfully
2025-10-30 00:33:45 search 200 461ms user1854 txfxeds3wo Request processed successfully
2025-10-30 00:33:53 payment 301 1855ms user9481 txauv1sobj An unknown error occurred
2025-10-30 00:33:59 user-profile 201 1928ms user7878 txpqqbz7yv An unknown error occurred
2025-10-30 00:34:07 checkout 500 1574ms user9122 txn92ay66x Internal server error
2025-10-30 00:34:14 inventory 503 1209ms user6511 txgp41qt5n Service unavailable
2025-10-30 00:34:19 user-profile 400 388ms user5302 tx0w266zn6 Bad request received
2025-10-30 00:34:25 shipping 401 303ms user7987 txygqci9yw User authentication failed
2025-10-30 00:34:33 user-profile 200 1871ms user4639 txykvgmpfv Request processed successfully
2025-10-30 00:34:39 login 400 573ms user3991 tx1jhijrw0 Bad request received
2025-10-30 00:34:45 login 204 59ms user9882 tx0ac213cx An unknown error occurred
2025-10-30 00:34:48 shipping 503 699ms user4804 txlyqcbpcs Service unavailable
2025-10-30 00:34:58 search 301 817ms user1357 tx31w2fj5l An unknown error occurred
2025-10-30 00:34:59 inventory 400 1310ms user5950 txuz0dib0q Bad request received
2025-10-30 00:35:09 checkout 200 955ms user2257 txoyfl5s0h Purchased Laptop Pro
2025-10-30 00:35:13 checkout 200 1416ms user8803 txwkh0ygva Purchased 4K Monitor
2025-10-30 00:35:21 inventory 201 838ms user9124 txak6ser27 An unknown error occurred
2025-10-30 00:35:22 payment 500 497ms user8979 txot30ir75 Internal server error
2025-10-30 00:35:30 shipping 200 738ms user5199 txx71ktffb Request processed successfully
2025-10-30 00:35:36 shipping 200 520ms user5454 tx0o816yc2 Request processed successfully
2025-10-30 00:35:46 inventory 401 357ms user4623 txu0jlhneb User authentication failed
2025-10-30 00:35:48 checkout 200 1194ms user4945 tx3ko9c440 Purchased Gaming Console
2025-10-30 00:35:50 login 401 1654ms user1721 txym122jcb User authentication failed
2025-10-30 00:35:58 checkout 201 1945ms user1739 txz4eioze3 An unknown error occurred
2025-10-30 00:36:07 user-profile 401 1286ms user1482 txspwulgs8 User authentication failed
2025-10-30 00:36:13 shipping 401 994ms user7506 txik71si4l User authentication failed
2025-10-30 00:36:23 search 201 1702ms user1069 tx3eh6sbot An unknown error occurred
2025-10-30 00:36:29 inventory 400 162ms user4002 txj14v0nhl Bad request received
2025-10-30 00:36:39 checkout 204 272ms user4307 tx6knea1bl An unknown error occurred
2025-10-30 00:36:46 shipping 200 893ms user3380 txha31tp0s Request processed successfully
2025-10-30 00:36:52 search 200 1354ms user5627 txshv7iuyn Request processed successfully
2025-10-30 00:36:58 checkout 200 561ms user7057 tx7mocjw1s Purchased 4K Monitor
2025-10-30 00:37:08 user-profile 301 832ms user8843 txmrkahu8s An unknown error occurred
2025-10-30 00:37:11 login 200 1177ms user3984 tx92am0pso User logged in successfully
2025-10-30 00:37:12 user-profile 200 1129ms user9144 tx6xhlbjak Request processed successfully
2025-10-30 00:37:14 shipping 500 776ms user9682 txa7xzb79e Internal server error
2025-10-30 00:37:16 search 204 487ms user8106 txu5c0a8y2 An unknown error occurred
2025-10-30 00:37:18 shipping 200 317ms user2726 txnnjm9e6a Request processed successfully
2025-10-30 00:37:21 shipping 200 665ms user1415 txohdk4fvh Request processed successfully
2025-10-30 00:37:30 user-profile 401 1844ms user9452 tx781v32nx User authentication failed
2025-10-30 00:37:33 checkout 200 1464ms user1272 txv7ocdbl2 Purchased Wireless Earbuds
2025-10-30 00:37:39 user-profile 200 1781ms user6254 txg592ti75 Request processed successfully
2025-10-30 00:37:49 search 404 1095ms user9331 tx6luvc1eo Resource not found
2025-10-30 00:37:53 search 204 857ms user5556 txxo2xj3q4 An unknown error occurred
2025-10-30 00:37:56 checkout 200 631ms user8118 txs0cgp9ra Purchased 4K Monitor
2025-10-30 00:38:04 checkout 204 63ms user3743 txo394cial An unknown error occurred
2025-10-30 00:38:05 search 200 62ms user3612 txf3x4zznv Request processed successfully
2025-10-30 00:38:14 inventory 503 717ms user5542 txofy0y5aw Service unavailable
2025-10-30 00:38:20 login 200 169ms user3760 txmu9jk14m User logged in successfully
2025-10-30 00:38:22 inventory 301 1190ms user2818 txmb36l7ph An unknown error occurred
2025-10-30 00:38:24 search 204 1948ms user9378 txmmkowunq An unknown error occurred
2025-10-30 00:38:32 user-profile 200 1754ms user5110 txzxpyk895 Request processed successfully
2025-10-30 00:38:35 checkout 401 217ms user2107 tx63ukecm3 User authentication failed
2025-10-30 00:38:38 user-profile 201 255ms user8358 txp9e5lm45 An unknown error occurred
2025-10-30 00:38:48 checkout 200 427ms user5634 txt9mq21q8 Purchased Laptop Pro
2025-10-30 00:38:49 user-profile 204 1801ms user5017 txeed8knrm An unknown error occurred
2025-10-30 00:38:52 inventory 200 122ms user8942 tx3m7gjve4 Request processed successfully
2025-10-30 00:39:00 payment 204 61ms user1873 txhmqv29xc An unknown error occurred
2025-10-30 00:39:10 payment 400 1257ms user5955 txqnstbeku Bad request received
2025-10-30 00:39:11 search 301 1408ms user1247 txyxtjdjoa An unknown error occurred
2025-10-30 00:39:13 checkout 404 831ms user7051 tx0qiqbguk Resource not found
2025-10-30 00:39:19 user-profile 401 387ms user5509 tx1jaqcuq7 User authentication failed
2025-10-30 00:39:22 login 204 808ms user8812 tx1qfira5v An unknown error occurred
2025-10-30 00:39:28 payment 200 1462ms user9379 txm90br6vj Payment successful for amount $3092
2025-10-30 00:39:33 inventory 204 1814ms user4869 txghp43kbi An unknown error occurred
2025-10-30 00:39:39 login 500 509ms user5579 txew0i1jea Internal server error
2025-10-30 00:39:48 user-profile 200 551ms user9111 txwkvd2bdt Request processed successfully
2025-10-30 00:39:51 checkout 200 74ms user9212 txzafz2bf2 Purchased Mechanical Keyboard
2025-10-30 00:39:58 inventory 503 1115ms user7469 txxxn2ez0y Service unavailable
2025-10-30 00:40:08 login 204 1522ms user5070 tx4ofna4v5 An unknown error occurred
2025-10-30 00:40:09 shipping 204 1659ms user1098 txsofy397q An unknown error occurred
2025-10-30 00:40:12 user-profile 500 1911ms user5396 txcijcdaxk Internal server error
2025-10-30 00:40:21 login 204 736ms user3270 tx0talnbxa An unknown error occurred
2025-10-30 00:40:29 login 401 1856ms user3816 tx6jnc1swg User authentication failed
2025-10-30 00:40:32 shipping 200 875ms user1886 tx18a8hu0d Request processed successfully
2025-10-30 00:40:41 search 200 1511ms user5591 txraavh511 Request processed successfully
2025-10-30 00:40:47 search 400 1673ms user7918 txoygv9r20 Bad request received
2025-10-30 00:40:48 user-profile 204 1656ms user8184 txfra1o50m An unknown error occurred
2025-10-30 00:40:49 search 401 1617ms user2635 txu3yrnaot User authentication failed
2025-10-30 00:40:57 search 201 703ms user6539 tx0osftgbh An unknown error occurred
2025-10-30 00:40:59 shipping 404 560ms user6795 tx31kjduo6 Resource not found
2025-10-30 00:41:00 payment 400 479ms user7866 txqv0siiso Bad request received
2025-10-30 00:41:10 login 404 1458ms user6227 txx8gtd8jz Resource not found
2025-10-30 00:41:11 user-profile 200 1937ms user8900 tx94907w2u Request processed successfully
2025-10-30 00:41:13 checkout 500 20ms user8583 txhhinv98r Internal server error
2025-10-30 00:41:16 login 200 412ms user9297 txsjdfgwz9 User logged in successfully
2025-10-30 00:41:17 shipping 200 235ms user8263 txpwanc3vg Request processed successfully
2025-10-30 00:41:26 login 301 1132ms user6401 txs26n26ml An unknown error occurred
2025-10-30 00:41:36 login 401 315ms user6250 txj72bcg4i User authentication failed
2025-10-30 00:41:45 checkout 301 459ms user5016 tx54938owv An unknown error occurred
2025-10-30 00:41:52 login 401 779ms user4550 tx74zfhgoq User authentication failed
2025-10-30 00:42:02 user-profile 200 194ms user1806 txbnwop7ar Request processed successfully
2025-10-30 00:42:09 payment 400 1106ms user1519 txbdg3wvth Bad request received
2025-10-30 00:42:17 payment 200 1107ms user6784 tx6gk1dtbh Payment successful for amount $545
2025-10-30 00:42:21 login 401 729ms user1109 tx45swf3zg User authentication failed
2025-10-30 00:42:29 payment 401 1513ms user6684 txoh43j4c9 User authentication failed
2025-10-30 00:42:35 search 201 882ms user6279 tx1ej18l1p An unknown error occurred
2025-10-30 00:42:43 user-profile 201 563ms user7029 txmi96yntb An unknown error occurred
2025-10-30 00:42:49 user-profile 301 1699ms user5557 tx4rzzatsh An unknown error occurred
2025-10-30 00:42:56 checkout 200 929ms user2806 txv8skdjvf Purchased Laptop Pro
2025-10-30 00:43:00 inventory 200 552ms user5338 tx2goklhhc Request processed successfully
2025-10-30 00:43:08 inventory 200 1073ms user2254 txzg3okspj Request processed successfully
2025-10-30 00:43:14 inventory 200 140ms user4173 txulci3uw6 Request processed successfully
2025-10-30 00:43:16 user-profile 204 1527ms user2295 txpax1ouf8 An unknown error occurred
2025-10-30 00:43:19 login 401 1255ms user9586 txrgj5qnfv User authentication failed
2025-10-30 00:43:26 shipping 201 1336ms user6451 txq1lk9xzc An unknown error occurred
2025-10-30 00:43:35 shipping 200 790ms user7819 txa0yf2bzn Request processed successfully
2025-10-30 00:43:44 user-profile 201 119ms user9798 tx191g2mjf An unknown error occurred
2025-10-30 00:43:46 search 204 693ms user1174 txls53jikt An unknown error occurred
2025-10-30 00:43:51 login 503 1415ms user6972 txt15vy052 Service unavailable
2025-10-30 00:43:59 checkout 404 483ms user7908 tx84a4i1j8 Resource not found
2025-10-30 00:44:01 search 401 415ms user2894 txytmedcms User authentication failed
2025-10-30 00:44:09 search 204 101ms user5519 txge1shvoc An unknown error occurred
2025-10-30 00:44:15 login 200 151ms user6085 txbngsmpwl User logged in successfully
2025-10-30 00:44:19 login 503 1313ms user8595 txpsgr250q Service unavailable
2025-10-30 00:44:29 search 404 1986ms user6941 txbf6l5zk2 Resource not found
2025-10-30 00:44:36 inventory 200 1063ms user1870 tx9f4eglqc Request processed successfully
2025-10-30 00:44:39 search 503 150ms user3846 txom8v2o9d Service unavailable
2025-10-30 00:44:47 inventory 301 1036ms user8229 txl0q422cd An unknown error occurred
2025-10-30 00:44:54 shipping 401 1214ms user1650 txfyn9pmzw User authentication failed
2025-10-30 00:44:58 inventory 503 1576ms user3228 txxm7ewfd3 Service unavailable
2025-10-30 00:45:00 login 200 923ms user2794 txpyswjzk9 User logged in successfully
2025-10-30 00:45:10 login 400 1710ms user8305 txccmixn1h Bad request received
2025-10-30 00:45:17 user-profile 201 526ms user1308 txhz8aurq4 An unknown error occurred
2025-10-30 00:45:22 user-profile 503 1503ms user7539 txyx002v7l Service unavailable
2025-10-30 00:45:23 login 301 67ms user1381 tx48v0li9p An unknown error occurred
2025-10-30 00:45:25 user-profile 500 1072ms user6674 txif2v5flg Internal server error
2025-10-30 00:45:34 user-profile 500 1741ms user3132 txvvub1wp6 Internal server error
2025-10-30 00:45:36 checkout 400 1520ms user1302 txi7sqggzp Bad request received
2025-10-30 00:45:41 user-profile 200 1527ms user5143 txvzryfiie Request processed successfully
2025-10-30 00:45:47 shipping 204 343ms user7666 txeifiuho2 An unknown error occurred
2025-10-30 00:45:55 user-profile 200 1915ms user4163 txam3pxjwg Request processed successfully
2025-10-30 00:45:56 inventory 200 213ms user5727 txyrmpyt3l Request processed successfully
2025-10-30 00:46:05 search 200 1307ms user8709 txu4e78z04 Request processed successfully
2025-10-30 00:46:15 shipping 200 1041ms user6088 txkvrh8e3w Request processed successfully
2025-10-30 00:46:22 shipping 400 198ms user6846 txjgce2u4a Bad request received
2025-10-30 00:46:28 search 301 533ms user8389 tx13zjw74v An unknown error occurred
2025-10-30 00:46:32 checkout 200 841ms user4851 txzwpf4t6p Purchased iPhone 15
2025-10-30 00:46:33 search 200 1332ms user5874 txxuhw1ttp Request processed successfully
2025-10-30 00:46:38 login 200 1556ms user4798 txzbhuyvko User logged in successfully
2025-10-30 00:46:45 inventory 401 863ms user8087 txiopjt1xj User authentication failed
2025-10-30 00:46:55 payment 200 1843ms user2276 txoh58f3ro Payment successful for amount $3529
2025-10-30 00:47:04 checkout 200 369ms user1567 txwfgwncxb Purchased Gaming Console
2025-10-30 00:47:11 payment 200 1067ms user5483 txislpaxyb Payment successful for amount $1019
2025-10-30 00:47:18 shipping 401 816ms user3732 tx4yc2gorn User authentication failed
2025-10-30 00:47:25 search 400 1504ms user5305 txjyfpa7yx Bad request received
2025-10-30 00:47:26 payment 201 1875ms user2007 txmuv0gw45 An unknown error occurred
2025-10-30 00:47:29 shipping 401 1550ms user4166 tx9lk9fo0l User authentication failed
2025-10-30 00:47:38 search 200 1012ms user8758 txfqvll6jl Request processed successfully
2025-10-30 00:47:43 checkout 200 628ms user2569 txhgogaoos Purchased Laptop Pro
2025-10-30 00:47:50 user-profile 401 1809ms user4250 txkncbhjlq User authentication failed
2025-10-30 00:47:53 inventory 400 1127ms user4279 txs2kbbjd1 Bad request received
2025-10-30 00:47:55 search 301 466ms user5278 txt7eptwz5 An unknown error occurred
2025-10-30 00:47:58 inventory 404 1285ms user7617 txm00litvm Resource not found
2025-10-30 00:48:02 user-profile 200 659ms user1626 txrn9gyr68 Request processed successfully
2025-10-30 00:48:05 search 401 1533ms user7031 txe89gk5bp User authentication failed
2025-10-30 00:48:11 checkout 200 1710ms user2469 txpvca7a4b Purchased Laptop Pro
2025-10-30 00:48:18 shipping 200 1299ms user9670 txk9u932or Request processed successfully
2025-10-30 00:48:19 inventory 204 1827ms user9688 txaeokwde9 An unknown error occurred
2025-10-30 00:48:26 checkout 200 1801ms user6941 txtcam64yo Purchased iPhone 15
2025-10-30 00:48:33 login 200 1461ms user3485 tx9ccl7lth User logged in successfully
2025-10-30 00:48:39 user-profile 200 1070ms user1626 tx61ej47l6 Request processed successfully
2025-10-30 00:48:40 checkout 200 1198ms user9594 txkik74z7l Purchased Wireless Earbuds
2025-10-30 00:48:41 search 500 1312ms user8792 txcmb7b58h Internal server error
2025-10-30 00:48:48 payment 500 859ms user3284 txxf4revhx Internal server error
2025-10-30 00:48:55 login 404 345ms user9121 txpy2dl0lz Resource not found
2025-10-30 00:48:58 login 200 1895ms user7720 txm9g91lgm User logged in successfully
2025-10-30 00:49:03 inventory 201 1698ms user5112 tx1eeuivb9 An unknown error occurred
2025-10-30 00:49:08 shipping 200 1884ms user4212 txg9gser6q Request processed successfully
2025-10-30 00:49:09 payment 400 1741ms user9946 txwuaavfig Bad request received
2025-10-30 00:49:17 user-profile 200 1976ms user4550 tx7r8nfal9 Request processed successfully
2025-10-30 00:49:24 user-profile 200 448ms user2360 txn9a57zj0 Request processed successfully
2025-10-30 00:49:26 user-profile 200 1934ms user4883 txbn52krpk Request processed successfully
2025-10-30 00:49:33 user-profile 201 1064ms user1324 txaprrl7yh An unknown error occurred
2025-10-30 00:49:34 checkout 400 271ms user6920 txgsm3jtvt Bad request received
2025-10-30 00:49:42 login 201 126ms user9840 txl8kxbgqv An unknown error occurred
2025-10-30 00:49:46 payment 201 1864ms user3389 txee17inft An unknown error occurred
2025-10-30 00:49:56 shipping 200 1415ms user9315 txiosckq2t Request processed successfully
2025-10-30 00:50:02 checkout 200 1866ms user3924 tx5852re39 Purchased Mechanical Keyboard
2025-10-30 00:50:06 checkout 401 275ms user1174 tx2okqi7id User authentication failed
2025-10-30 00:50:08 payment 200 1287ms user5350 txye5ntm3h Payment successful for amount $4264
2025-10-30 00:50:12 shipping 503 1986ms user7172 txp4bpt09q Service unavailable
2025-10-30 00:50:21 checkout 204 1440ms user1283 txqdn6jfng An unknown error occurred
2025-10-30 00:50:23 search 404 1821ms user9963 tx5ardm505 Resource not found
2025-10-30 00:50:30 inventory 404 1588ms user6597 txt2k4ind8 Resource not found
2025-10-30 00:50:39 login 200 1745ms user3601 txu46ojpqd User logged in successfully
2025-10-30 00:50:45 shipping 301 93ms user8058 txaueq7k3h An unknown error occurred
2025-10-30 00:50:52 payment 204 1028ms user6296 txivb19509 An unknown error occurred
2025-10-30 00:51:01 user-profile 500 1629ms user5736 tx24z377ui Internal server error
2025-10-30 00:51:03 login 200 1061ms user6577 txvxpsy5lp User logged in successfully
2025-10-30 00:51:11 search 200 1130ms user4508 txmaop8f40 Request processed successfully
2025-10-30 00:51:18 checkout 200 1031ms user2122 txl6jnxeen Purchased iPhone 15
2025-10-30 00:51:28 login 301 1653ms user4837 txikk01k14 An unknown error occurred
2025-10-30 00:51:32 user-profile 200 1227ms user7930 txun5twycw Request processed successfully
2025-10-30 00:51:40 search 200 1413ms user6335 txr0kxref9 Request processed successfully
2025-10-30 00:51:50 login 200 543ms user9267 txfdl55who User logged in successfully
2025-10-30 00:51:55 login 200 732ms user2494 txnvzbn8wh User logged in successfully
2025-10-30 00:51:58 user-profile 503 1033ms user6742 tx1m2dqmwo Service unavailable
2025-10-30 00:52:07 login 401 871ms user1130 txqhvhlowy User authentication failed
2025-10-30 00:52:17 shipping 400 1213ms user4306 tx9c0am8m5 Bad request received
2025-10-30 00:52:25 payment 301 175ms user5861 tx5ghguyeu An unknown error occurred
2025-10-30 00:52:29 user-profile 200 508ms user3483 txzlwvzotv Request processed successfully
2025-10-30 00:52:36 login 404 570ms user2709 tx4qq68fbf Resource not found
2025-10-30 00:52:40 shipping 503 943ms user6583 txhaip5t1y Service unavailable
2025-10-30 00:52:47 search 404 1454ms user5476 tx3pqoui5a Resource not found
2025-10-30 00:52:53 checkout 200 1317ms user5712 txh8n9kdvb Purchased iPhone 15
2025-10-30 00:52:59 inventory 200 741ms user7511 txmgrh8oqj Request processed successfully
2025-10-30 00:53:03 checkout 400 1001ms user9714 txz1s6bkf1 Bad request received
2025-10-30 00:53:04 checkout 500 1262ms user1549 txhwvc8k7v Internal server error
2025-10-30 00:53:11 checkout 200 1719ms user4706 txw44jzfba Purchased iPhone 15
2025-10-30 00:53:20 inventory 200 1456ms user7019 txpid4two8 Request processed successfully
2025-10-30 00:53:25 payment 400 601ms user9092 txfqir13pf Bad request received
2025-10-30 00:53:26 inventory 301 226ms user8745 txq3rcs3rc An unknown error occurred
2025-10-30 00:53:30 payment 200 1833ms user8085 txq0st7zji Payment successful for amount $2527
2025-10-30 00:53:37 payment 200 64ms user4051 txohq9d7t0 Payment successful for amount $2540
2025-10-30 00:53:38 login 200 772ms user9284 txzokf2o73 User logged in successfully
2025-10-30 00:53:41 checkout 200 1600ms user8478 txdwe6966w Purchased Wireless Earbuds
2025-10-30 00:53:49 search 200 1656ms user3013 txqrhj5whr Request processed successfully
2025-10-30 00:53:56 shipping 200 689ms user4102 txd99v485g Request processed successfully
2025-10-30 00:54:06 shipping 500 1634ms user4794 txw0c6tlqv Internal server error
2025-10-30 00:54:12 user-profile 200 1957ms user2065 txxctfeycz Request processed successfully
2025-10-30 00:54:17 search 401 878ms user2290 txzg8l6jz5 User authentication failed
2025-10-30 00:54:27 checkout 503 725ms user9103 txdqm81e48 Service unavailable
2025-10-30 00:54:36 payment 401 1821ms user3711 txy999drue User authentication failed
2025-10-30 00:54:38 search 401 1918ms user3575 tx9v1h6mb9 User authentication failed
2025-10-30 00:54:40 user-profile 200 244ms user9823 txt7hsnapw Request processed successfully
2025-10-30 00:54:48 inventory 204 1204ms user8438 tx2v468szk An unknown error occurred
2025-10-30 00:54:52 inventory 200 1079ms user5177 tx88li6cjt Request processed successfully
2025-10-30 00:54:58 login 401 1430ms user5643 txno2ic8gx User authentication failed
2025-10-30 00:55:07 login 400 1134ms user9647 txxpiy7sn4 Bad request received
2025-10-30 00:55:14 login 201 133ms user8427 txjgm5a2tw An unknown error occurred
2025-10-30 00:55:22 login 200 1923ms user9634 txptqp5chr User logged in successfully
2025-10-30 00:55:25 shipping 200 722ms user5801 txxn76261q Request processed successfully
2025-10-30 00:55:28 inventory 503 119ms user4686 txfrukrd7t Service unavailable
2025-10-30 00:55:34 inventory 404 861ms user5501 txn36zj6yz Resource not found
2025-10-30 00:55:37 shipping 503 1708ms user1432 txlf8uti8d Service unavailable
2025-10-30 00:55:41 checkout 500 603ms user9217 txa9je7wcs Internal server error
2025-10-30 00:55:42 inventory 200 313ms user8466 tx8tebkqw0 Request processed successfully
2025-10-30 00:55:48 user-profile 400 1749ms user6922 txofm0e6ms Bad request received
2025-10-30 00:55:51 shipping 401 1464ms user1173 txpcupugn2 User authentication failed
2025-10-30 00:55:58 search 200 618ms user8793 txyto5p1n5 Request processed successfully
2025-10-30 00:56:04 inventory 301 1715ms user5252 txrikydmce An unknown error occurred
2025-10-30 00:56:05 payment 204 1205ms user8811 tx8zt2mrrq An unknown error occurred
2025-10-30 00:56:06 checkout 200 238ms user8300 txnnms3ymd Purchased Wireless Earbuds
2025-10-30 00:56:10 payment 204 89ms user1560 txgpkvuqi6 An unknown error occurred
2025-10-30 00:56:16 inventory 401 1785ms user2398 txo1j4eu1x User authentication failed
2025-10-30 00:56:17 inventory 201 1810ms user7829 txfjmr6wcl An unknown error occurred
2025-10-30 00:56:20 search 401 1221ms user9045 txibzht0ml User authentication failed
2025-10-30 00:56:24 payment 404 548ms user2762 txqg472ptl Resource not found
2025-10-30 00:56:30 checkout 200 161ms user2948 txp81n56f8 Purchased Laptop Pro
2025-10-30 00:56:37 payment 500 1176ms user3896 txh5xhrk6a Internal server error
2025-10-30 00:56:46 search 400 1928ms user3493 txv7o9lrp0 Bad request received
2025-10-30 00:56:49 user-profile 204 1234ms user3568 txrzesvfdu An unknown error occurred
2025-10-30 00:56:59 inventory 503 775ms user3791 txy79zxgex Service unavailable
2025-10-30 00:57:03 inventory 200 839ms user2417 txucmz7kth Request processed successfully
2025-10-30 00:57:05 login 400 1378ms user5356 tx6ug0me8h Bad request received
2025-10-30 00:57:12 payment 500 1714ms user9970 tx26z6drq3 Internal server error
2025-10-30 00:57:14 payment 200 821ms user6977 tx5lfv1oi7 Payment successful for amount $3001
2025-10-30 00:57:24 checkout 200 1342ms user1321 txky61h01v Purchased Gaming Console
2025-10-30 00:57:25 payment 200 1193ms user4075 txba8i3lz5 Payment successful for amount $1323
2025-10-30 00:57:35 search 404 793ms user5316 txbbicxega Resource not found
2025-10-30 00:57:40 user-profile 500 187ms user7814 txex6rg3bv Internal server error
2025-10-30 00:57:42 checkout 404 545ms user6700 tx19txan9y Resource not found
2025-10-30 00:57:47 shipping 200 1323ms user4320 tx4yek3crm Request processed successfully
2025-10-30 00:57:57 shipping 401 1261ms user8805 txycda3hzh User authentication failed
2025-10-30 00:58:04 inventory 200 1487ms user4060 tx6fkhe5lc Request processed successfully
2025-10-30 00:58:11 inventory 200 289ms user2517 txkkqel60j Request processed successfully
2025-10-30 00:58:17 search 200 827ms user1228 txo205ppol Request processed successfully
2025-10-30 00:58:20 user-profile 200 889ms user2300 tx5otvxf1d Request processed successfully
2025-10-30 00:58:28 search 200 826ms user5156 txdqbg85lc Request processed successfully
2025-10-30 00:58:31 shipping 200 1658ms user3783 txp15n6nqa Request processed successfully
2025-10-30 00:58:36 login 200 1774ms user1043 txbhktizje User logged in successfully
2025-10-30 00:58:46 inventory 404 465ms user3675 txv747h81g Resource not found
2025-10-30 00:58:47 shipping 503 1573ms user2995 txjezldek0 Service unavailable
2025-10-30 00:58:51 search 201 1985ms user6014 tx3uigfdvr An unknown error occurred
2025-10-30 00:58:54 checkout 200 910ms user6140 txsj4tcdqa Purchased 4K Monitor
2025-10-30 00:59:03 search 200 1797ms user9715 txyv5gzxjg Request processed successfully
2025-10-30 00:59:08 inventory 400 1037ms user3287 txaxyeteqg Bad request received
2025-10-30 00:59:17 search 404 931ms user8090 txw94955gf Resource not found
2025-10-30 00:59:24 search 200 1786ms user9210 txbaztyll2 Request processed successfully
2025-10-30 00:59:30 inventory 404 1563ms user9616 tx2l8329fi Resource not found
2025-10-30 00:59:39 checkout 404 1792ms user1384 txma8mxsog Resource not found
2025-10-30 00:59:44 search 200 1442ms user4009 txtz6xpxow Request processed successfully
2025-10-30 00:59:45 checkout 401 247ms user1673 txamxgr4qv User authentication failed
2025-10-30 00:59:54 shipping 200 1611ms user1600 tx4k2d0vgr Request processed successfully
2025-10-30 01:00:02 checkout 400 475ms user4533 txt3cx8syr Bad request received
2025-10-30 01:00:10 checkout 200 389ms user5879 txvq89wpnu Purchased Mechanical Keyboard
2025-10-30 01:00:17 checkout 201 427ms user1643 tx6rtu89sc An unknown error occurred
2025-10-30 01:00:25 checkout 200 571ms user1118 txvrv90fo7 Purchased iPhone 15
2025-10-30 01:00:35 inventory 404 430ms user8518 tx6do4a70x Resource not found
2025-10-30 01:00:42 login 404 152ms user9471 txrhgzw2e2 Resource not found
2025-10-30 01:00:49 user-profile 200 1366ms user7579 txs5e3bak4 Request processed successfully
2025-10-30 01:00:57 checkout 503 1118ms user4768 tx7rp5iv5u Service unavailable
2025-10-30 01:01:03 checkout 400 1749ms user4163 txtm1io0zb Bad request received
2025-10-30 01:01:06 payment 200 467ms user4032 txtoe1lbkn Payment successful for amount $2859
2025-10-30 01:01:09 user-profile 200 207ms user4606 tx5d5ix1ic Request processed successfully
2025-10-30 01:01:13 checkout 503 135ms user5628 txvueu30oi Service unavailable
2025-10-30 01:01:18 login 404 1737ms user7482 txspm6xa4l Resource not found
2025-10-30 01:01:22 payment 404 1258ms user4139 txkwqsqioy Resource not found
2025-10-30 01:01:26 user-profile 200 223ms user1555 txp1lpbxh4 Request processed successfully
2025-10-30 01:01:29 search 400 659ms user1116 txjtf1coq7 Bad request received
2025-10-30 01:01:35 inventory 404 1460ms user4375 txgjk3v2pk Resource not found
2025-10-30 01:01:36 search 200 1465ms user2143 txmrd93aos Request processed successfully
2025-10-30 01:01:38 payment 503 77ms user2031 tx6yivya1s Service unavailable
2025-10-30 01:01:43 checkout 200 742ms user7805 tx4sf84ltp Purchased Wireless Earbuds
2025-10-30 01:01:50 shipping 200 1759ms user8156 tx2hty116y Request processed successfully
2025-10-30 01:01:53 payment 204 298ms user6126 txgrkkjf3b An unknown error occurred
2025-10-30 01:01:57 search 500 1539ms user7017 txjg13y3t2 Internal server error
2025-10-30 01:02:01 login 200 59ms user4992 txc0lhmmsj User logged in successfully
2025-10-30 01:02:08 shipping 204 1962ms user4868 tx16ab2nuc An unknown error occurred
2025-10-30 01:02:12 login 200 1180ms user4586 tx5knjgkxp User logged in successfully
2025-10-30 01:02:19 shipping 200 68ms user1193 txn1hgb6de Request processed successfully
2025-10-30 01:02:26 payment 200 1706ms user3206 tx78cf0hly Payment successful for amount $3799
2025-10-30 01:02:27 inventory 401 1598ms user5113 tx26y4bte3 User authentication failed
2025-10-30 01:02:31 checkout 204 1792ms user7843 txcjnff6u5 An unknown error occurred
2025-10-30 01:02:41 shipping 201 475ms user8786 txpbiklhaq An unknown error occurred
2025-10-30 01:02:42 shipping 301 575ms user2639 txr5ex6vd1 An unknown error occurred
2025-10-30 01:02:51 inventory 301 797ms user5545 txxn0bop68 An unknown error occurred
2025-10-30 01:02:58 search 401 1538ms user3017 tx1yy1brr8 User authentication failed
2025-10-30 01:02:59 login 503 1232ms user8349 txjntn9dad Service unavailable
2025-10-30 01:03:09 search 404 385ms user7194 txseln9fd6 Resource not found
2025-10-30 01:03:14 shipping 200 1316ms user5253 txqmmc35zr Request processed successfully
2025-10-30 01:03:17 payment 500 1974ms user2439 txw135gpvu Internal server error
2025-10-30 01:03:26 inventory 200 232ms user2920 txr0799x4c Request processed successfully
2025-10-30 01:03:34 user-profile 500 432ms user1579 txr66anii9 Internal server error
2025-10-30 01:03:38 inventory 201 1014ms user7616 txtvgv4jii An unknown error occurred
2025-10-30 01:03:45 user-profile 500 155ms user2312 txdycymcwv Internal server error
2025-10-30 01:03:50 shipping 200 275ms user5165 txvqsmhwah Request processed successfully
2025-10-30 01:03:51 checkout 204 1058ms user8595 txqqt1fuk2 An unknown error occurred
2025-10-30 01:03:56 search 200 1843ms user2439 txrz6ingbz Request processed successfully
2025-10-30 01:03:57 shipping 204 933ms user2523 txms9yjokz An unknown error occurred
2025-10-30 01:04:07 inventory 301 1047ms user9551 txsev7h1ae An unknown error occurred
2025-10-30 01:04:11 search 503 616ms user7903 txjjehj9oy Service unavailable
2025-10-30 01:04:19 payment 400 1618ms user7329 txer3npvxk Bad request received
2025-10-30 01:04:26 user-profile 404 1711ms user1550 txctmwe6n8 Resource not found
2025-10-30 01:04:32 login 200 1115ms user7498 txxw0qmm90 User logged in successfully
2025-10-30 01:04:36 shipping 200 155ms user2216 tx1920jn7y Request processed successfully
2025-10-30 01:04:46 search 301 1831ms user1606 txqggbz1v5 An unknown error occurred
2025-10-30 01:04:56 search 201 82ms user3857 txkfjf3czv An unknown error occurred
2025-10-30 01:05:05 user-profile 200 792ms user2709 txbwegl5g9 Request processed successfully
2025-10-30 01:05:12 search 200 1448ms user4543 tx4vdnwsc9 Request processed successfully
2025-10-30 01:05:16 search 301 1173ms user5180 tx3ne6thx3 An unknown error occurred
2025-10-30 01:05:17 checkout 200 1589ms user8254 txlgbl57cm Purchased Mechanical Keyboard
2025-10-30 01:05:24 shipping 500 699ms user9903 tx2zrc1l6a Internal server error
2025-10-30 01:05:30 shipping 204 1351ms user4807 txql9cd21m An unknown error occurred
2025-10-30 01:05:35 checkout 500 781ms user9990 txmt5ljrzm Internal server error
2025-10-30 01:05:43 inventory 404 384ms user7719 txcwfu6ou7 Resource not found
2025-10-30 01:05:53 login 200 1668ms user3482 txyhroj8ev User logged in successfully
2025-10-30 01:05:58 payment 200 400ms user6209 txz20armvg Payment successful for amount $3224
2025-10-30 01:06:02 login 200 342ms user6398 txph67j047 User logged in successfully
2025-10-30 01:06:12 login 200 1926ms user2057 txbwvjf3p7 User logged in successfully
2025-10-30 01:06:14 shipping 404 582ms user2308 txsotlaqs3 Resource not found
2025-10-30 01:06:24 search 200 704ms user3188 tx40mdt5m7 Request processed successfully
2025-10-30 01:06:33 user-profile 401 1450ms user6463 tx9cqdd167 User authentication failed
2025-10-30 01:06:42 checkout 200 1725ms user3076 tx97io1dh4 Purchased Mechanical Keyboard
2025-10-30 01:06:47 shipping 500 1607ms user6376 tx22k60fa6 Internal server error
2025-10-30 01:06:55 checkout 200 348ms user8755 txlg8u34ox Purchased Wireless Earbuds
2025-10-30 01:07:02 user-profile 201 1266ms user7402 txmtm018pn An unknown error occurred
2025-10-30 01:07:10 shipping 301 1030ms user2650 tx0377rvja An unknown error occurred
2025-10-30 01:07:11 search 200 452ms user4677 txxhh7bg0o Request processed successfully
2025-10-30 01:07:21 payment 200 1006ms user8724 tx5i6fvndh Payment successful for amount $2815
2025-10-30 01:07:29 search 500 1024ms user6392 txhrkmomu8 Internal server error
2025-10-30 01:07:37 inventory 200 1037ms user2181 txzmec0ozt Request processed successfully
2025-10-30 01:07:47 inventory 301 1115ms user9308 txxri2h6da An unknown error occurred
2025-10-30 01:07:49 payment 400 1989ms user6274 txq4rgnx2y Bad request received
2025-10-30 01:07:57 search 200 535ms user1924 txi2z3dr4i Request processed successfully
2025-10-30 01:08:04 search 204 362ms user7065 txofj478uj An unknown error occurred
2025-10-30 01:08:14 user-profile 201 1240ms user5227 txa5nq5sel An unknown error occurred
2025-10-30 01:08:19 checkout 201 315ms user8679 txd4jdfr9c An unknown error occurred
2025-10-30 01:08:26 search 200 1032ms user1736 txxwdu41ch Request processed successfully
2025-10-30 01:08:33 shipping 401 1898ms user2302 tx9ugynn9g User authentication failed
2025-10-30 01:08:35 login 404 415ms user5796 txxbqcntki Resource not found
2025-10-30 01:08:45 login 301 1245ms user6902 tx24rr8h58 An unknown error occurred
2025-10-30 01:08:54 checkout 401 1277ms user4721 txgtma3oo6 User authentication failed
2025-10-30 01:09:04 shipping 200 879ms user8490 tx52c7m0rr Request processed successfully
2025-10-30 01:09:09 payment 301 1697ms user5419 tx0j1gb2oq An unknown error occurred
2025-10-30 01:09:14 inventory 200 1280ms user6338 tx1c2nc0zv Request processed successfully
2025-10-30 01:09:21 search 200 1846ms user6417 txeczxo1fd Request processed successfully
2025-10-30 01:09:26 shipping 503 1478ms user2074 tx6bagxh8l Service unavailable
2025-10-30 01:09:29 checkout 200 824ms user2882 txkgbgw2h7 Purchased Mechanical Keyboard
2025-10-30 01:09:39 inventory 200 1440ms user3124 tx5t7i40qs Request processed successfully
2025-10-30 01:09:42 search 201 1594ms user1365 tx14997sao An unknown error occurred
2025-10-30 01:09:44 payment 200 536ms user1384 txq7eztku4 Payment successful for amount $1749
2025-10-30 01:09:51 payment 200 1116ms user6974 txn42lmxwg Payment successful for amount $2425
2025-10-30 01:09:59 shipping 201 339ms user9098 txccfj962x An unknown error occurred
2025-10-30 01:10:07 user-profile 200 340ms user7560 txqj7cmxyx Request processed successfully
2025-10-30 01:10:13 login 200 1765ms user3440 txuuze1vso User logged in successfully
2025-10-30 01:10:15 shipping 200 676ms user5891 txtw3fnfbc Request processed successfully
2025-10-30 01:10:25 login 200 1885ms user8543 txcq0bolqd User logged in successfully
2025-10-30 01:10:31 login 200 464ms user3480 txzzal7oej User logged in successfully
2025-10-30 01:10:36 search 204 486ms user4018 tx8lrkf9am An unknown error occurred
2025-10-30 01:10:37 checkout 503 1685ms user3469 tx8n54bok9 Service unavailable
2025-10-30 01:10:42 search 200 500ms user5301 txuw6n99xb Request processed successfully
2025-10-30 01:10:44 user-profile 404 1428ms user6456 txfp5pc3p2 Resource not found
2025-10-30 01:10:53 checkout 301 1709ms user2147 txdis75ssf An unknown error occurred
2025-10-30 01:10:55 user-profile 404 1639ms user8431 txc7a5p28h Resource not found
2025-10-30 01:10:57 shipping 503 1661ms user6990 tx62nynww0 Service unavailable
2025-10-30 01:11:06 inventory 200 1141ms user9059 txlxxj1s1v Request processed successfully
2025-10-30 01:11:07 search 200 1141ms user1818 tx9obl0i8p Request processed successfully
2025-10-30 01:11:13 user-profile 200 341ms user7062 txd345j5mp Request processed successfully
2025-10-30 01:11:18 login 200 177ms user5743 txrenuzzpl User logged in successfully
2025-10-30 01:11:28 inventory 200 486ms user9733 txo8n3i84z Request processed successfully
2025-10-30 01:11:34 search 204 1349ms user3226 txau85fz6f An unknown error occurred
2025-10-30 01:11:39 checkout 201 832ms user6494 txh1vk5oc0 An unknown error occurred
2025-10-30 01:11:46 inventory 200 1642ms user7110 txt1xbocev Request processed successfully
2025-10-30 01:11:55 search 404 1327ms user8671 tx07wkgvky Resource not found
2025-10-30 01:12:03 user-profile 200 1292ms user2110 txpugx7tjo Request processed successfully
2025-10-30 01:12:09 user-profile 401 1958ms user6197 tx7s1ihita User authentication failed
2025-10-30 01:12:13 shipping 404 1445ms user3994 tx8llqm1kd Resource not found
2025-10-30 01:12:18 login 200 386ms user1052 txe4bbra0o User logged in successfully
2025-10-30 01:12:19 user-profile 404 294ms user3021 txko6s6y5g Resource not found
2025-10-30 01:12:21 payment 200 59ms user3555 tx9yhb68wi Payment successful for amount $3650
2025-10-30 01:12:29 inventory 200 1581ms user8856 txcrrxzokz Request processed successfully
2025-10-30 01:12:38 user-profile 301 1187ms user5949 tx06wuhqsx An unknown error occurred
2025-10-30 01:12:40 shipping 200 219ms user7023 txskobtalh Request processed successfully
2025-10-30 01:12:44 shipping 200 931ms user3623 txxmyo1hi9 Request processed successfully
2025-10-30 01:12:48 payment 401 1705ms user6125 txvhj898c3 User authentication failed
2025-10-30 01:12:49 login 200 1649ms user1540 txvdfadym6 User logged in successfully
2025-10-30 01:12:59 login 204 444ms user6522 txey8dl5yg An unknown error occurred
2025-10-30 01:13:08 user-profile 200 1715ms user8760 txdt0omnuu Request processed successfully
2025-10-30 01:13:10 checkout 200 1606ms user7770 txlz3hynk5 Purchased Wireless Earbuds
2025-10-30 01:13:20 checkout 204 701ms user3737 txdydqs84w An unknown error occurred
2025-10-30 01:13:24 search 301 1597ms user6912 txtr4zeczg An unknown error occurred
2025-10-30 01:13:27 search 301 152ms user1074 txxgrtxic8 An unknown error occurred
2025-10-30 01:13:36 login 301 1193ms user2378 txbbu74jht An unknown error occurred
2025-10-30 01:13:42 inventory 401 552ms user5120 tx8qdqzn60 User authentication failed
2025-10-30 01:13:48 shipping 200 33ms user6429 txfilia5ba Request processed successfully
2025-10-30 01:13:49 shipping 200 1053ms user6717 txo3jfw6hl Request processed successfully
2025-10-30 01:13:53 inventory 301 1493ms user9453 txaglufjk0 An unknown error occurred
2025-10-30 01:14:02 shipping 201 406ms user4166 txwh9ivjz4 An unknown error occurred
2025-10-30 01:14:11 inventory 200 792ms user9758 tx5ulw1tjq Request processed successfully
2025-10-30 01:14:15 login 200 1234ms user7074 txobkvh4or User logged in successfully
2025-10-30 01:14:20 login 200 874ms user7979 txkwwritku User logged in successfully
2025-10-30 01:14:29 user-profile 401 410ms user5966 txxbvp50qr User authentication failed
2025-10-30 01:14:39 payment 200 1808ms user8384 txptmb5h9f Payment successful for amount $1780
2025-10-30 01:14:44 shipping 200 1813ms user8545 txqi0r0b1y Request processed successfully
2025-10-30 01:14:53 inventory 404 56ms user8476 txnnh36rot Resource not found
2025-10-30 01:14:57 shipping 200 140ms user6140 txh70w7agv Request processed successfully
2025-10-30 01:15:00 user-profile 200 1228ms user2333 txklcprbfl Request processed successfully
2025-10-30 01:15:01 login 400 1295ms user9020 tx3x3o6gei Bad request received
2025-10-30 01:15:09 inventory 201 1572ms user8608 txylgltr8n An unknown error occurred
2025-10-30 01:15:13 user-profile 200 936ms user6464 txvg05lozs Request processed successfully
2025-10-30 01:15:15 shipping 200 1735ms user2500 tx30fcubyf Request processed successfully
2025-10-30 01:15:17 shipping 500 1258ms user7029 tx077ksw4h Internal server error
2025-10-30 01:15:24 user-profile 200 904ms user6247 txmpaz160p Request processed successfully
2025-10-30 01:15:26 checkout 500 1568ms user8427 txneadtkx8 Internal server error
2025-10-30 01:15:35 login 301 1784ms user5586 tx9wvaiave An unknown error occurred
2025-10-30 01:15:39 inventory 400 1289ms user9060 txbzz0qoh0 Bad request received
2025-10-30 01:15:44 shipping 500 1827ms user6241 txm3cfibc4 Internal server error
2025-10-30 01:15:51 shipping 200 1417ms user5411 txs9zqbi7k Request processed successfully
2025-10-30 01:15:58 login 200 794ms user6753 txy0aj5p2o User logged in successfully
2025-10-30 01:16:03 checkout 500 59ms user4141 tx9a5vjkku Internal server error
2025-10-30 01:16:08 payment 500 1757ms user5404 txf8npb7fr Internal server error
2025-10-30 01:16:10 checkout 200 606ms user4756 txy0toks48 Purchased Mechanical Keyboard
2025-10-30 01:16:18 checkout 204 42ms user5876 txiq8ztgtt An unknown error occurred
2025-10-30 01:16:22 login 404 65ms user9093 txnsb6k3w8 Resource not found
2025-10-30 01:16:24 inventory 200 442ms user3003 txogyk4pm5 Request processed successfully
2025-10-30 01:16:30 login 404 1425ms user2490 tx57vdhgl0 Resource not found
2025-10-30 01:16:37 checkout 200 612ms user9294 txke4x5o6w Purchased Mechanical Keyboard
2025-10-30 01:16:41 user-profile 204 270ms user7822 txhcpatdkz An unknown error occurred
2025-10-30 01:16:42 checkout 500 1608ms user4381 txjixu8m7y Internal server error
2025-10-30 01:16:48 inventory 401 559ms user2895 tx457rs3vk User authentication failed
2025-10-30 01:16:58 inventory 200 1706ms user8524 txdrllmgv6 Request processed successfully
2025-10-30 01:17:03 login 500 581ms user5363 txyfvc8x2j Internal server error
2025-10-30 01:17:13 inventory 503 1705ms user8892 txjleniajw Service unavailable
2025-10-30 01:17:16 user-profile 400 537ms user3188 tx4xem9txl Bad request received
2025-10-30 01:17:21 payment 201 1140ms user2710 txp3j8w6rj An unknown error occurred
2025-10-30 01:17:25 checkout 201 1469ms user6663 tx7f58a1pn An unknown error occurred
2025-10-30 01:17:27 payment 401 544ms user5448 tx7mpri536 User authentication failed
2025-10-30 01:17:34 login 503 1599ms user7338 txxurmqnul Service unavailable
2025-10-30 01:17:38 inventory 200 359ms user6363 txzdytabpu Request processed successfully
2025-10-30 01:17:42 inventory 204 1444ms user3333 tx3s3fz1hd An unknown error occurred
2025-10-30 01:17:50 payment 201 988ms user3682 txlxmq607j An unknown error occurred
2025-10-30 01:17:54 payment 200 1807ms user2755 txltihp2x0 Payment successful for amount $2876
2025-10-30 01:18:02 user-profile 204 1314ms user5933 tx7s4m68tm An unknown error occurred
2025-10-30 01:18:09 user-profile 200 464ms user2509 txya3xt0m6 Request processed successfully
2025-10-30 01:18:13 login 200 1808ms user5861 tx0vl4h4sa User logged in successfully
2025-10-30 01:18:14 search 201 597ms user1969 txmzz9hle0 An unknown error occurred
2025-10-30 01:18:18 shipping 404 397ms user1093 txply5kz5k Resource not found
2025-10-30 01:18:25 search 500 176ms user5812 txgbxskigx Internal server error
2025-10-30 01:18:29 shipping 401 735ms user9809 txwrqoqp24 User authentication failed
2025-10-30 01:18:38 payment 401 1369ms user9001 txd0l847v0 User authentication failed
2025-10-30 01:18:40 shipping 200 1846ms user6831 txkq58ubgk Request processed successfully
2025-10-30 01:18:49 user-profile 400 594ms user2154 txpna96wd8 Bad request received
2025-10-30 01:18:53 checkout 201 703ms user1484 tx677ne3lu An unknown error occurred
2025-10-30 01:18:56 inventory 401 601ms user8916 tx9ai9rx4h User authentication failed
2025-10-30 01:19:02 payment 500 1677ms user4433 txttioc6e7 Internal server error
2025-10-30 01:19:06 payment 200 1367ms user8117 txasiqy5nl Payment successful for amount $3696
2025-10-30 01:19:12 inventory 201 1199ms user5250 txb8vzb5zt An unknown error occurred
2025-10-30 01:19:18 login 301 1281ms user8367 txwy7d6ltw An unknown error occurred
2025-10-30 01:19:23 search 200 1150ms user2658 txocnecg0e Request processed successfully
2025-10-30 01:19:33 login 204 387ms user9341 txbynt2pm2 An unknown error occurred
2025-10-30 01:19:38 search 200 1231ms user5181 txs1yn3ci1 Request processed successfully
2025-10-30 01:19:39 user-profile 200 1689ms user3507 txroh7lswx Request processed successfully
2025-10-30 01:19:45 checkout 200 1448ms user3367 txj5otnp72 Purchased Mechanical Keyboard
2025-10-30 01:19:49 user-profile 201 260ms user8428 tx927pcp4y An unknown error occurred
2025-10-30 01:19:50 user-profile 401 608ms user6809 tx0crrcfcl User authentication failed
2025-10-30 01:19:54 search 401 1614ms user7177 txl5eh1xue User authentication failed
2025-10-30 01:20:01 payment 404 697ms user2090 txxcksh92s Resource not found
2025-10-30 01:20:02 inventory 301 376ms user7176 tx9slhd4kz An unknown error occurred
2025-10-30 01:20:07 login 200 741ms user1888 tx7ndlhz3o User logged in successfully
2025-10-30 01:20:11 payment 404 1924ms user9276 txyy8msbes Resource not found
2025-10-30 01:20:18 shipping 200 802ms user5264 txo9l4sxaj Request processed successfully
2025-10-30 01:20:25 search 200 1232ms user1485 txwrydutdw Request processed successfully
2025-10-30 01:20:30 payment 200 317ms user7818 txjaum5kfd Payment successful for amount $2680
2025-10-30 01:20:38 login 400 163ms user1320 tx461snlsu Bad request received
2025-10-30 01:20:43 user-profile 404 1796ms user4552 txxi6b6t8m Resource not found
2025-10-30 01:20:44 search 200 796ms user8078 tx2xo1p09b Request processed successfully
2025-10-30 01:20:46 inventory 500 1559ms user8033 tx821h8pax Internal server error
2025-10-30 01:20:47 login 503 418ms user7160 txaid2dhy8 Service unavailable
2025-10-30 01:20:57 user-profile 201 1051ms user5817 txr50jlsah An unknown error occurred
2025-10-30 01:20:59 inventory 200 477ms user1836 txp1orugss Request processed successfully
2025-10-30 01:21:02 login 204 1090ms user4113 txiaxpxd5z An unknown error occurred
2025-10-30 01:21:07 login 301 1726ms user4272 txdsrt3y5n An unknown error occurred
2025-10-30 01:21:14 shipping 200 307ms user5274 txz11oixj1 Request processed successfully
2025-10-30 01:21:24 shipping 200 580ms user3355 tx4gcdix1y Request processed successfully
2025-10-30 01:21:29 shipping 500 1341ms user3702 txmuldh42e Internal server error
2025-10-30 01:21:37 search 401 223ms user3416 txchoswmkc User authentication failed
2025-10-30 01:21:45 payment 401 1944ms user7807 txcrujm9v8 User authentication failed
2025-10-30 01:21:53 inventory 503 1956ms user9994 txdf3jknnz Service unavailable
2025-10-30 01:21:59 payment 500 1591ms user3412 txl9ybk3xb Internal server error
2025-10-30 01:22:06 login 503 1427ms user1918 txu4a5srgt Service unavailable
2025-10-30 01:22:10 checkout 400 1851ms user6679 txhhu4jz23 Bad request received
2025-10-30 01:22:20 user-profile 401 839ms user4816 txd5pk9kyr User authentication failed
2025-10-30 01:22:27 inventory 500 232ms user9112 txuu8hrp6y Internal server error
2025-10-30 01:22:31 shipping 500 1658ms user1440 txksdv6dlr Internal server error
2025-10-30 01:22:40 shipping 200 722ms user1899 txldu4z0oe Request processed successfully
2025-10-30 01:22:49 payment 404 1322ms user9935 txvhfcwwfs Resource not found
2025-10-30 01:22:53 login 200 1661ms user4260 tx3xbte1ey User logged in successfully
2025-10-30 01:23:01 checkout 404 642ms user1310 txrmaas8vz Resource not found
2025-10-30 01:23:05 user-profile 204 618ms user2550 txcp760epr An unknown error occurred
2025-10-30 01:23:14 shipping 200 488ms user1370 txa5xxjxzv Request processed successfully
2025-10-30 01:23:15 search 404 56ms user6988 txfspitntg Resource not found
2025-10-30 01:23:22 checkout 204 1492ms user8157 txffuaahn7 An unknown error occurred
2025-10-30 01:23:29 checkout 200 919ms user5809 tx3zf7rnp6 Purchased Mechanical Keyboard
2025-10-30 01:23:37 login 200 1764ms user8449 tx6dsxsgx7 User logged in successfully
2025-10-30 01:23:44 search 503 412ms user1147 tx7fid686p Service unavailable
2025-10-30 01:23:46 search 401 1326ms user7465 txx3z6sss3 User authentication failed
2025-10-30 01:23:53 search 200 1186ms user4976 tx6dasrp3a Request processed successfully
2025-10-30 01:23:58 payment 301 1878ms user7269 txxgp97dq5 An unknown error occurred
2025-10-30 01:24:04 payment 301 1221ms user2152 txj63hu3um An unknown error occurred
2025-10-30 01:24:11 payment 200 1651ms user7418 txfp571rcs Payment successful for amount $3037
2025-10-30 01:24:14 user-profile 401 929ms user8194 tx0x6sipsv User authentication failed
2025-10-30 01:24:24 payment 200 845ms user4204 tx0hfx87zv Payment successful for amount $1752
2025-10-30 01:24:32 user-profile 201 906ms user5944 txj30eytys An unknown error occurred
2025-10-30 01:24:41 payment 200 1441ms user7568 txcrlvfox6 Payment successful for amount $2782
2025-10-30 01:24:48 checkout 201 1104ms user7021 txsyt2vrpj An unknown error occurred
2025-10-30 01:24:53 checkout 200 1736ms user2030 txjfxcvliv Purchased iPhone 15
2025-10-30 01:25:02 shipping 400 1973ms user6003 txn8rqhucq Bad request received
2025-10-30 01:25:08 user-profile 401 489ms user4544 txd16cd469 User authentication failed
2025-10-30 01:25:18 shipping 301 102ms user2734 txb0sdxi4e An unknown error occurred
2025-10-30 01:25:19 user-profile 301 1643ms user6700 tx7c56lt9y An unknown error occurred
2025-10-30 01:25:21 shipping 200 654ms user4541 txji6e43lw Request processed successfully
2025-10-30 01:25:28 payment 500 1919ms user7826 txh4bbjzgi Internal server error
2025-10-30 01:25:29 inventory 204 484ms user8684 tx91dvd11e An unknown error occurred
2025-10-30 01:25:34 shipping 200 47ms user7527 txwymutq4k Request processed successfully
2025-10-30 01:25:36 payment 200 1485ms user4185 txpvziq0i1 Payment successful for amount $4124
2025-10-30 01:25:43 user-profile 200 1769ms user5997 tx99zpo6wv Request processed successfully
2025-10-30 01:25:48 payment 404 1521ms user7239 txb4qjvd1a Resource not found
2025-10-30 01:25:52 checkout 200 443ms user8874 tx2q0unm0m Purchased Laptop Pro
2025-10-30 01:25:55 user-profile 503 731ms user5495 txzoc7rm4i Service unavailable
2025-10-30 01:25:56 search 401 364ms user9663 tx02guiwkp User authentication failed
2025-10-30 01:26:02 login 201 420ms user8583 txk9ktld7o An unknown error occurred
2025-10-30 01:26:03 checkout 200 1095ms user1205 txs8h2kp5c Purchased Laptop Pro
2025-10-30 01:26:11 shipping 400 349ms user9468 tx0x6jhhvp Bad request received
2025-10-30 01:26:19 user-profile 500 81ms user7529 txcil2idxf Internal server error
2025-10-30 01:26:23 user-profile 201 901ms user4579 txcfti3gli An unknown error occurred
2025-10-30 01:26:28 payment 404 814ms user5499 tx0xv481ox Resource not found
2025-10-30 01:26:34 search 200 223ms user7280 txywruhuvo Request processed successfully
2025-10-30 01:26:43 inventory 204 1255ms user7728 tx3kwvl1ic An unknown error occurred
2025-10-30 01:26:46 checkout 401 756ms user8493 txwe2ai0sk User authentication failed
2025-10-30 01:26:53 shipping 200 1077ms user4561 txtsvm98uc Request processed successfully
2025-10-30 01:26:56 inventory 400 65ms user6252 txa8g4ky5i Bad request received
2025-10-30 01:27:00 login 200 108ms user4954 txrwlvv0i7 User logged in successfully
2025-10-30 01:27:09 inventory 200 790ms user6600 tx82g05val Request processed successfully
2025-10-30 01:27:12 user-profile 401 676ms user3206 tx1dds1u3k User authentication failed
2025-10-30 01:27:22 user-profile 200 811ms user4544 txmkj3pgb7 Request processed successfully
2025-10-30 01:27:23 login 401 1464ms user6981 tx7h6swcqk User authentication failed
2025-10-30 01:27:33 payment 200 1038ms user9354 txju5jzbi2 Payment successful for amount $1989
2025-10-30 01:27:37 checkout 200 1868ms user8103 tx65ur9wzs Purchased Mechanical Keyboard
2025-10-30 01:27:38 login 301 1024ms user3418 txeuivdvyi An unknown error occurred
2025-10-30 01:27:47 shipping 200 1792ms user9650 txlfeq2fih Request processed successfully
2025-10-30 01:27:56 search 200 144ms user3774 txdmzaipm5 Request processed successfully
2025-10-30 01:27:58 inventory 404 290ms user4707 tx8lzvun9h Resource not found
2025-10-30 01:28:01 inventory 400 801ms user1289 tx8pfzs7sd Bad request received
2025-10-30 01:28:06 search 200 415ms user2601 tx340b1v78 Request processed successfully
2025-10-30 01:28:10 payment 404 1338ms user4443 tx3nqr8vqt Resource not found
2025-10-30 01:28:12 checkout 200 1260ms user6369 txn1v4s7dl Purchased Gaming Console
2025-10-30 01:28:22 user-profile 401 1860ms user9222 txw6v2hxbz User authentication failed
2025-10-30 01:28:29 payment 200 1910ms user3359 txnv4nt3ky Payment successful for amount $4633
2025-10-30 01:28:32 search 400 1762ms user6781 txamc0hcl6 Bad request received
2025-10-30 01:28:34 inventory 404 301ms user4202 txyv05xpmh Resource not found
2025-10-30 01:28:41 search 400 304ms user9614 txy5lzrlij Bad request received
2025-10-30 01:28:47 user-profile 404 1995ms user7216 txk8282tv9 Resource not found
2025-10-30 01:28:53 search 201 475ms user2375 tx2yt89an1 An unknown error occurred
2025-10-30 01:28:55 checkout 200 566ms user1551 txtzoqehxw Purchased iPhone 15
2025-10-30 01:29:02 user-profile 200 1809ms user5219 tx6f696cc0 Request processed successfully
2025-10-30 01:29:04 shipping 200 323ms user4528 txicfqhdys Request processed successfully
2025-10-30 01:29:11 payment 200 317ms user3369 tx97j9ir97 Payment successful for amount $3273
2025-10-30 01:29:13 inventory 200 891ms user8221 txdqo1muon Request processed successfully
2025-10-30 01:29:18 login 404 1838ms user7254 tx0ie7pvh8 Resource not found
2025-10-30 01:29:24 login 200 1275ms user4204 txoubn4y17 User logged in successfully
2025-10-30 01:29:34 user-profile 200 1378ms user1505 txojc6syio Request processed successfully
2025-10-30 01:29:44 inventory 200 1696ms user5819 txc0cwx426 Request processed successfully
2025-10-30 01:29:46 payment 200 827ms user9126 tx4qwle4hd Payment successful for amount $2805
2025-10-30 01:29:51 user-profile 200 1520ms user1650 txkmn3vdus Request processed successfully
2025-10-30 01:29:54 search 200 1609ms user6068 tx491gg9x0 Request processed successfully
2025-10-30 01:30:04 search 401 1307ms user3376 tx5biaklq4 User authentication failed
2025-10-30 01:30:12 inventory 200 221ms user3413 txhn4klzsk Request processed successfully
2025-10-30 01:30:19 user-profile 200 667ms user6518 txhyobc1rm Request processed successfully
2025-10-30 01:30:24 login 400 83ms user3965 txjgl4cv57 Bad request received
2025-10-30 01:30:34 search 200 982ms user4125 txfvxk60oa Request processed successfully
2025-10-30 01:30:41 checkout 404 1489ms user4795 txi41g3rjn Resource not found
2025-10-30 01:30:49 payment 500 284ms user1788 txj16sibr4 Internal server error
2025-10-30 01:30:54 inventory 201 104ms user8155 tx1c4alzy7 An unknown error occurred
2025-10-30 01:31:02 payment 400 32ms user1770 tx1p3n7xva Bad request received
2025-10-30 01:31:03 login 503 364ms user2622 txirxvlu7q Service unavailable
2025-10-30 01:31:12 search 200 1148ms user2339 tx1iyvqfpm Request processed successfully
2025-10-30 01:31:16 checkout 200 169ms user3581 tx8kxp64lz Purchased 4K Monitor
2025-10-30 01:31:21 search 200 1285ms user8226 txktbqb4ec Request processed successfully
2025-10-30 01:31:31 login 200 1616ms user5693 txuh52y077 User logged in successfully
2025-10-30 01:31:40 shipping 301 1056ms user8394 tx5482y71j An unknown error occurred
2025-10-30 01:31:49 checkout 400 1800ms user4285 txktxz9s6h Bad request received
2025-10-30 01:31:54 checkout 204 1924ms user3677 txgpfj5ka2 An unknown error occurred
2025-10-30 01:32:02 login 200 1404ms user5749 txo2xyjp83 User logged in successfully
2025-10-30 01:32:03 shipping 204 1889ms user2620 txzvqe019b An unknown error occurred
2025-10-30 01:32:05 user-profile 200 1982ms user2099 txdst5a7he Request processed successfully
2025-10-30 01:32:12 checkout 500 648ms user7770 tx2w47j3jl Internal server error
2025-10-30 01:32:13 checkout 200 1818ms user6860 txzysh20tv Purchased Laptop Pro
2025-10-30 01:32:15 payment 200 1577ms user1710 txkwvi7mdb Payment successful for amount $3340
2025-10-30 01:32:16 payment 400 191ms user7304 txl00hi4lb Bad request received
2025-10-30 01:32:19 shipping 200 472ms user8918 txb6l0oob4 Request processed successfully
2025-10-30 01:32:26 login 200 114ms user3909 txlppdkoz9 User logged in successfully
2025-10-30 01:32:30 user-profile 400 1783ms user5936 txzqgn85mg Bad request received
